{"timestamp":"2025-06-09T17:39:27.019984","level":"info","event":"DAG bundles loaded: dags-folder","logger":"airflow.dag_processing.bundles.manager.DagBundlesManager"}
{"timestamp":"2025-06-09T17:39:27.020915","level":"info","event":"Filling up the DagBag from /opt/airflow/dags/fact_dag.py","logger":"airflow.models.dagbag.DagBag"}
{"timestamp":"2025-06-09T17:39:28.090182","level":"warning","event":"/opt/airflow/dags/stockPriceDim.py:8: FutureWarning: YF.download() has changed argument auto_adjust default to True\n  stock_data = yf.download(ticker, start=start, end=end, interval=interval)\n","logger":"py.warnings"}
{"timestamp":"2025-06-09T17:39:28.472989Z","level":"error","event":"\r[*********************100%***********************]  1 of 1 completed","chan":"stderr","logger":"task"}
{"timestamp":"2025-06-09T17:39:28.481649","level":"warning","event":"/opt/airflow/dags/stockPriceDim.py:8: FutureWarning: YF.download() has changed argument auto_adjust default to True\n  stock_data = yf.download(ticker, start=start, end=end, interval=interval)\n","logger":"py.warnings"}
{"timestamp":"2025-06-09T17:39:28.607677Z","level":"error","event":"\r[*********************100%***********************]  1 of 1 completed","chan":"stderr","logger":"task"}
{"timestamp":"2025-06-09T17:39:28.613028","level":"warning","event":"/opt/airflow/dags/stockPriceDim.py:8: FutureWarning: YF.download() has changed argument auto_adjust default to True\n  stock_data = yf.download(ticker, start=start, end=end, interval=interval)\n","logger":"py.warnings"}
{"timestamp":"2025-06-09T17:39:28.744374Z","level":"error","event":"\r[*********************100%***********************]  1 of 1 completed","chan":"stderr","logger":"task"}
{"timestamp":"2025-06-09T17:39:28.750439","level":"warning","event":"/opt/airflow/dags/stockPriceDim.py:8: FutureWarning: YF.download() has changed argument auto_adjust default to True\n  stock_data = yf.download(ticker, start=start, end=end, interval=interval)\n","logger":"py.warnings"}
{"timestamp":"2025-06-09T17:39:28.948167Z","level":"error","event":"\r[*********************100%***********************]  1 of 1 completed","chan":"stderr","logger":"task"}
{"timestamp":"2025-06-09T17:39:28.954773","level":"warning","event":"/opt/airflow/dags/stockPriceDim.py:8: FutureWarning: YF.download() has changed argument auto_adjust default to True\n  stock_data = yf.download(ticker, start=start, end=end, interval=interval)\n","logger":"py.warnings"}
{"timestamp":"2025-06-09T17:39:29.087867Z","level":"error","event":"\r[*********************100%***********************]  1 of 1 completed","chan":"stderr","logger":"task"}
{"timestamp":"2025-06-09T17:39:29.093460","level":"warning","event":"/opt/airflow/dags/stockPriceDim.py:8: FutureWarning: YF.download() has changed argument auto_adjust default to True\n  stock_data = yf.download(ticker, start=start, end=end, interval=interval)\n","logger":"py.warnings"}
{"timestamp":"2025-06-09T17:39:29.221921Z","level":"error","event":"\r[*********************100%***********************]  1 of 1 completed","chan":"stderr","logger":"task"}
{"timestamp":"2025-06-09T17:39:29.229106","level":"warning","event":"/opt/airflow/dags/stockPriceDim.py:8: FutureWarning: YF.download() has changed argument auto_adjust default to True\n  stock_data = yf.download(ticker, start=start, end=end, interval=interval)\n","logger":"py.warnings"}
{"timestamp":"2025-06-09T17:39:29.364010Z","level":"error","event":"\r[*********************100%***********************]  1 of 1 completed","chan":"stderr","logger":"task"}
{"timestamp":"2025-06-09T17:39:29.371771","level":"warning","event":"/opt/airflow/dags/stockPriceDim.py:8: FutureWarning: YF.download() has changed argument auto_adjust default to True\n  stock_data = yf.download(ticker, start=start, end=end, interval=interval)\n","logger":"py.warnings"}
{"timestamp":"2025-06-09T17:39:29.510039Z","level":"error","event":"\r[*********************100%***********************]  1 of 1 completed","chan":"stderr","logger":"task"}
{"timestamp":"2025-06-09T17:39:29.515362","level":"warning","event":"/opt/airflow/dags/stockPriceDim.py:8: FutureWarning: YF.download() has changed argument auto_adjust default to True\n  stock_data = yf.download(ticker, start=start, end=end, interval=interval)\n","logger":"py.warnings"}
{"timestamp":"2025-06-09T17:39:29.638352Z","level":"error","event":"\r[*********************100%***********************]  1 of 1 completed","chan":"stderr","logger":"task"}
{"timestamp":"2025-06-09T17:39:29.643789","level":"warning","event":"/opt/airflow/dags/stockPriceDim.py:8: FutureWarning: YF.download() has changed argument auto_adjust default to True\n  stock_data = yf.download(ticker, start=start, end=end, interval=interval)\n","logger":"py.warnings"}
{"timestamp":"2025-06-09T17:39:29.808708Z","level":"error","event":"\r[*********************100%***********************]  1 of 1 completed","chan":"stderr","logger":"task"}
{"timestamp":"2025-06-09T17:39:29.814687","level":"warning","event":"/opt/airflow/dags/stockPriceDim.py:8: FutureWarning: YF.download() has changed argument auto_adjust default to True\n  stock_data = yf.download(ticker, start=start, end=end, interval=interval)\n","logger":"py.warnings"}
{"timestamp":"2025-06-09T17:39:29.937410Z","level":"error","event":"\r[*********************100%***********************]  1 of 1 completed","chan":"stderr","logger":"task"}
{"timestamp":"2025-06-09T17:39:29.942413","level":"warning","event":"/opt/airflow/dags/stockPriceDim.py:8: FutureWarning: YF.download() has changed argument auto_adjust default to True\n  stock_data = yf.download(ticker, start=start, end=end, interval=interval)\n","logger":"py.warnings"}
{"timestamp":"2025-06-09T17:39:30.085771Z","level":"error","event":"\r[*********************100%***********************]  1 of 1 completed","chan":"stderr","logger":"task"}
{"timestamp":"2025-06-09T17:39:30.091156","level":"warning","event":"/opt/airflow/dags/stockPriceDim.py:8: FutureWarning: YF.download() has changed argument auto_adjust default to True\n  stock_data = yf.download(ticker, start=start, end=end, interval=interval)\n","logger":"py.warnings"}
{"timestamp":"2025-06-09T17:39:30.213779Z","level":"error","event":"\r[*********************100%***********************]  1 of 1 completed","chan":"stderr","logger":"task"}
{"timestamp":"2025-06-09T17:39:30.218929","level":"warning","event":"/opt/airflow/dags/stockPriceDim.py:8: FutureWarning: YF.download() has changed argument auto_adjust default to True\n  stock_data = yf.download(ticker, start=start, end=end, interval=interval)\n","logger":"py.warnings"}
{"timestamp":"2025-06-09T17:39:30.341613Z","level":"error","event":"\r[*********************100%***********************]  1 of 1 completed","chan":"stderr","logger":"task"}
{"timestamp":"2025-06-09T17:39:30.346810","level":"warning","event":"/opt/airflow/dags/stockPriceDim.py:8: FutureWarning: YF.download() has changed argument auto_adjust default to True\n  stock_data = yf.download(ticker, start=start, end=end, interval=interval)\n","logger":"py.warnings"}
{"timestamp":"2025-06-09T17:39:30.512068Z","level":"error","event":"\r[*********************100%***********************]  1 of 1 completed","chan":"stderr","logger":"task"}
{"timestamp":"2025-06-09T17:39:30.517978","level":"warning","event":"/opt/airflow/dags/stockPriceDim.py:8: FutureWarning: YF.download() has changed argument auto_adjust default to True\n  stock_data = yf.download(ticker, start=start, end=end, interval=interval)\n","logger":"py.warnings"}
{"timestamp":"2025-06-09T17:39:30.671381Z","level":"error","event":"\r[*********************100%***********************]  1 of 1 completed","chan":"stderr","logger":"task"}
{"timestamp":"2025-06-09T17:39:30.675881","level":"warning","event":"/opt/airflow/dags/stockPriceDim.py:8: FutureWarning: YF.download() has changed argument auto_adjust default to True\n  stock_data = yf.download(ticker, start=start, end=end, interval=interval)\n","logger":"py.warnings"}
{"timestamp":"2025-06-09T17:39:30.829853Z","level":"error","event":"\r[*********************100%***********************]  1 of 1 completed","chan":"stderr","logger":"task"}
{"timestamp":"2025-06-09T17:39:30.834489","level":"warning","event":"/opt/airflow/dags/stockPriceDim.py:8: FutureWarning: YF.download() has changed argument auto_adjust default to True\n  stock_data = yf.download(ticker, start=start, end=end, interval=interval)\n","logger":"py.warnings"}
{"timestamp":"2025-06-09T17:39:30.989097Z","level":"error","event":"\r[*********************100%***********************]  1 of 1 completed","chan":"stderr","logger":"task"}
{"timestamp":"2025-06-09T17:39:30.994827","level":"warning","event":"/opt/airflow/dags/stockPriceDim.py:8: FutureWarning: YF.download() has changed argument auto_adjust default to True\n  stock_data = yf.download(ticker, start=start, end=end, interval=interval)\n","logger":"py.warnings"}
{"timestamp":"2025-06-09T17:39:31.139613Z","level":"error","event":"\r[*********************100%***********************]  1 of 1 completed","chan":"stderr","logger":"task"}
{"timestamp":"2025-06-09T17:39:31.145022","level":"warning","event":"/opt/airflow/dags/stockPriceDim.py:8: FutureWarning: YF.download() has changed argument auto_adjust default to True\n  stock_data = yf.download(ticker, start=start, end=end, interval=interval)\n","logger":"py.warnings"}
{"timestamp":"2025-06-09T17:39:31.299780Z","level":"error","event":"\r[*********************100%***********************]  1 of 1 completed","chan":"stderr","logger":"task"}
{"timestamp":"2025-06-09T17:39:31.304998","level":"warning","event":"/opt/airflow/dags/stockPriceDim.py:8: FutureWarning: YF.download() has changed argument auto_adjust default to True\n  stock_data = yf.download(ticker, start=start, end=end, interval=interval)\n","logger":"py.warnings"}
{"timestamp":"2025-06-09T17:39:31.448081Z","level":"error","event":"\r[*********************100%***********************]  1 of 1 completed","chan":"stderr","logger":"task"}
{"timestamp":"2025-06-09T17:39:31.453825","level":"warning","event":"/opt/airflow/dags/stockPriceDim.py:8: FutureWarning: YF.download() has changed argument auto_adjust default to True\n  stock_data = yf.download(ticker, start=start, end=end, interval=interval)\n","logger":"py.warnings"}
{"timestamp":"2025-06-09T17:39:31.601148Z","level":"error","event":"\r[*********************100%***********************]  1 of 1 completed","chan":"stderr","logger":"task"}
{"timestamp":"2025-06-09T17:39:31.607016","level":"warning","event":"/opt/airflow/dags/stockPriceDim.py:8: FutureWarning: YF.download() has changed argument auto_adjust default to True\n  stock_data = yf.download(ticker, start=start, end=end, interval=interval)\n","logger":"py.warnings"}
{"timestamp":"2025-06-09T17:39:31.780889Z","level":"error","event":"\r[*********************100%***********************]  1 of 1 completed","chan":"stderr","logger":"task"}
{"timestamp":"2025-06-09T17:39:31.785694","level":"warning","event":"/opt/airflow/dags/stockPriceDim.py:8: FutureWarning: YF.download() has changed argument auto_adjust default to True\n  stock_data = yf.download(ticker, start=start, end=end, interval=interval)\n","logger":"py.warnings"}
{"timestamp":"2025-06-09T17:39:31.952200Z","level":"error","event":"\r[*********************100%***********************]  1 of 1 completed","chan":"stderr","logger":"task"}
{"timestamp":"2025-06-09T17:39:31.958328","level":"warning","event":"/opt/airflow/dags/stockPriceDim.py:8: FutureWarning: YF.download() has changed argument auto_adjust default to True\n  stock_data = yf.download(ticker, start=start, end=end, interval=interval)\n","logger":"py.warnings"}
{"timestamp":"2025-06-09T17:39:32.124010Z","level":"error","event":"\r[*********************100%***********************]  1 of 1 completed","chan":"stderr","logger":"task"}
{"timestamp":"2025-06-09T17:39:32.130148","level":"warning","event":"/opt/airflow/dags/stockPriceDim.py:8: FutureWarning: YF.download() has changed argument auto_adjust default to True\n  stock_data = yf.download(ticker, start=start, end=end, interval=interval)\n","logger":"py.warnings"}
{"timestamp":"2025-06-09T17:39:32.280568Z","level":"error","event":"\r[*********************100%***********************]  1 of 1 completed","chan":"stderr","logger":"task"}
{"timestamp":"2025-06-09T17:39:32.285767","level":"warning","event":"/opt/airflow/dags/stockPriceDim.py:8: FutureWarning: YF.download() has changed argument auto_adjust default to True\n  stock_data = yf.download(ticker, start=start, end=end, interval=interval)\n","logger":"py.warnings"}
{"timestamp":"2025-06-09T17:39:32.431713Z","level":"error","event":"\r[*********************100%***********************]  1 of 1 completed","chan":"stderr","logger":"task"}
{"timestamp":"2025-06-09T17:39:32.436949","level":"warning","event":"/opt/airflow/dags/stockPriceDim.py:8: FutureWarning: YF.download() has changed argument auto_adjust default to True\n  stock_data = yf.download(ticker, start=start, end=end, interval=interval)\n","logger":"py.warnings"}
{"timestamp":"2025-06-09T17:39:32.601586Z","level":"error","event":"\r[*********************100%***********************]  1 of 1 completed","chan":"stderr","logger":"task"}
{"timestamp":"2025-06-09T17:39:32.606742","level":"warning","event":"/opt/airflow/dags/stockPriceDim.py:8: FutureWarning: YF.download() has changed argument auto_adjust default to True\n  stock_data = yf.download(ticker, start=start, end=end, interval=interval)\n","logger":"py.warnings"}
{"timestamp":"2025-06-09T17:39:32.764735Z","level":"error","event":"\r[*********************100%***********************]  1 of 1 completed","chan":"stderr","logger":"task"}
{"timestamp":"2025-06-09T17:39:32.770821","level":"warning","event":"/opt/airflow/dags/stockPriceDim.py:8: FutureWarning: YF.download() has changed argument auto_adjust default to True\n  stock_data = yf.download(ticker, start=start, end=end, interval=interval)\n","logger":"py.warnings"}
{"timestamp":"2025-06-09T17:39:32.925492Z","level":"error","event":"\r[*********************100%***********************]  1 of 1 completed","chan":"stderr","logger":"task"}
{"timestamp":"2025-06-09T17:39:32.931639","level":"warning","event":"/opt/airflow/dags/stockPriceDim.py:8: FutureWarning: YF.download() has changed argument auto_adjust default to True\n  stock_data = yf.download(ticker, start=start, end=end, interval=interval)\n","logger":"py.warnings"}
{"timestamp":"2025-06-09T17:39:33.104225Z","level":"error","event":"\r[*********************100%***********************]  1 of 1 completed","chan":"stderr","logger":"task"}
{"timestamp":"2025-06-09T17:39:33.110464","level":"warning","event":"/opt/airflow/dags/stockPriceDim.py:8: FutureWarning: YF.download() has changed argument auto_adjust default to True\n  stock_data = yf.download(ticker, start=start, end=end, interval=interval)\n","logger":"py.warnings"}
{"timestamp":"2025-06-09T17:39:33.286185Z","level":"error","event":"\r[*********************100%***********************]  1 of 1 completed","chan":"stderr","logger":"task"}
{"timestamp":"2025-06-09T17:39:33.291352","level":"warning","event":"/opt/airflow/dags/stockPriceDim.py:8: FutureWarning: YF.download() has changed argument auto_adjust default to True\n  stock_data = yf.download(ticker, start=start, end=end, interval=interval)\n","logger":"py.warnings"}
{"timestamp":"2025-06-09T17:39:33.484379Z","level":"error","event":"\r[*********************100%***********************]  1 of 1 completed","chan":"stderr","logger":"task"}
{"timestamp":"2025-06-09T17:39:33.489637","level":"warning","event":"/opt/airflow/dags/stockPriceDim.py:8: FutureWarning: YF.download() has changed argument auto_adjust default to True\n  stock_data = yf.download(ticker, start=start, end=end, interval=interval)\n","logger":"py.warnings"}
{"timestamp":"2025-06-09T17:39:33.658099Z","level":"error","event":"\r[*********************100%***********************]  1 of 1 completed","chan":"stderr","logger":"task"}
{"timestamp":"2025-06-09T17:39:33.664257","level":"warning","event":"/opt/airflow/dags/stockPriceDim.py:8: FutureWarning: YF.download() has changed argument auto_adjust default to True\n  stock_data = yf.download(ticker, start=start, end=end, interval=interval)\n","logger":"py.warnings"}
{"timestamp":"2025-06-09T17:39:33.838304Z","level":"error","event":"\r[*********************100%***********************]  1 of 1 completed","chan":"stderr","logger":"task"}
{"timestamp":"2025-06-09T17:39:33.845730","level":"warning","event":"/opt/airflow/dags/stockPriceDim.py:8: FutureWarning: YF.download() has changed argument auto_adjust default to True\n  stock_data = yf.download(ticker, start=start, end=end, interval=interval)\n","logger":"py.warnings"}
{"timestamp":"2025-06-09T17:39:34.004917Z","level":"error","event":"\r[*********************100%***********************]  1 of 1 completed","chan":"stderr","logger":"task"}
{"timestamp":"2025-06-09T17:39:34.010966","level":"warning","event":"/opt/airflow/dags/stockPriceDim.py:8: FutureWarning: YF.download() has changed argument auto_adjust default to True\n  stock_data = yf.download(ticker, start=start, end=end, interval=interval)\n","logger":"py.warnings"}
{"timestamp":"2025-06-09T17:39:34.170463Z","level":"error","event":"\r[*********************100%***********************]  1 of 1 completed","chan":"stderr","logger":"task"}
{"timestamp":"2025-06-09T17:39:34.175918","level":"warning","event":"/opt/airflow/dags/stockPriceDim.py:8: FutureWarning: YF.download() has changed argument auto_adjust default to True\n  stock_data = yf.download(ticker, start=start, end=end, interval=interval)\n","logger":"py.warnings"}
{"timestamp":"2025-06-09T17:39:34.348697Z","level":"error","event":"\r[*********************100%***********************]  1 of 1 completed","chan":"stderr","logger":"task"}
{"timestamp":"2025-06-09T17:39:34.354693","level":"warning","event":"/opt/airflow/dags/stockPriceDim.py:8: FutureWarning: YF.download() has changed argument auto_adjust default to True\n  stock_data = yf.download(ticker, start=start, end=end, interval=interval)\n","logger":"py.warnings"}
{"timestamp":"2025-06-09T17:39:34.525075Z","level":"error","event":"\r[*********************100%***********************]  1 of 1 completed","chan":"stderr","logger":"task"}
{"timestamp":"2025-06-09T17:39:34.530539","level":"warning","event":"/opt/airflow/dags/stockPriceDim.py:8: FutureWarning: YF.download() has changed argument auto_adjust default to True\n  stock_data = yf.download(ticker, start=start, end=end, interval=interval)\n","logger":"py.warnings"}
{"timestamp":"2025-06-09T17:39:34.678058Z","level":"error","event":"\r[*********************100%***********************]  1 of 1 completed","chan":"stderr","logger":"task"}
{"timestamp":"2025-06-09T17:39:34.684029","level":"warning","event":"/opt/airflow/dags/stockPriceDim.py:8: FutureWarning: YF.download() has changed argument auto_adjust default to True\n  stock_data = yf.download(ticker, start=start, end=end, interval=interval)\n","logger":"py.warnings"}
{"timestamp":"2025-06-09T17:39:34.827655Z","level":"error","event":"\r[*********************100%***********************]  1 of 1 completed","chan":"stderr","logger":"task"}
{"timestamp":"2025-06-09T17:39:34.837957","level":"info","event":"Done. Returned value was: None","logger":"airflow.task.operators.airflow.providers.standard.operators.python.PythonOperator"}
