{"timestamp":"2025-06-10T06:27:28.484347","level":"info","event":"Filling up the DagBag from /opt/airflow/dags/loadStockPriceDim.py","logger":"airflow.models.dagbag.DagBag"}
{"timestamp":"2025-06-10T06:27:59.269178","level":"info","event":"Filling up the DagBag from /opt/airflow/dags/loadStockPriceDim.py","logger":"airflow.models.dagbag.DagBag"}
{"timestamp":"2025-06-10T06:28:09.099952","level":"info","event":"Filling up the DagBag from /opt/airflow/dags/loadStockPriceDim.py","logger":"airflow.models.dagbag.DagBag"}
{"timestamp":"2025-06-10T06:28:21.092994","level":"info","event":"Filling up the DagBag from /opt/airflow/dags/loadStockPriceDim.py","logger":"airflow.models.dagbag.DagBag"}
{"timestamp":"2025-06-10T06:28:21.624670","level":"error","event":"Failed to import: /opt/airflow/dags/loadStockPriceDim.py","logger":"airflow.models.dagbag.DagBag","error_detail":[{"exc_type":"NameError","exc_value":"name 'read_transcript_csv' is not defined","exc_notes":[],"syntax_error":null,"is_cause":false,"frames":[{"filename":"/home/airflow/.local/lib/python3.12/site-packages/airflow/models/dagbag.py","lineno":382,"name":"parse"},{"filename":"<frozen importlib._bootstrap_external>","lineno":999,"name":"exec_module"},{"filename":"<frozen importlib._bootstrap>","lineno":488,"name":"_call_with_frames_removed"},{"filename":"/opt/airflow/dags/loadStockPriceDim.py","lineno":34,"name":"<module>"}]}]}
{"timestamp":"2025-06-10T06:28:24.735552","level":"info","event":"Filling up the DagBag from /opt/airflow/dags/loadStockPriceDim.py","logger":"airflow.models.dagbag.DagBag"}
{"timestamp":"2025-06-10T06:28:25.301238","level":"error","event":"Failed to import: /opt/airflow/dags/loadStockPriceDim.py","logger":"airflow.models.dagbag.DagBag","error_detail":[{"exc_type":"NameError","exc_value":"name 'read_transcript_csv' is not defined","exc_notes":[],"syntax_error":null,"is_cause":false,"frames":[{"filename":"/home/airflow/.local/lib/python3.12/site-packages/airflow/models/dagbag.py","lineno":382,"name":"parse"},{"filename":"<frozen importlib._bootstrap_external>","lineno":999,"name":"exec_module"},{"filename":"<frozen importlib._bootstrap>","lineno":488,"name":"_call_with_frames_removed"},{"filename":"/opt/airflow/dags/loadStockPriceDim.py","lineno":34,"name":"<module>"}]}]}
{"timestamp":"2025-06-10T06:28:28.422480","level":"info","event":"Filling up the DagBag from /opt/airflow/dags/loadStockPriceDim.py","logger":"airflow.models.dagbag.DagBag"}
{"timestamp":"2025-06-10T06:28:28.930842","level":"error","event":"Failed to import: /opt/airflow/dags/loadStockPriceDim.py","logger":"airflow.models.dagbag.DagBag","error_detail":[{"exc_type":"NameError","exc_value":"name 'read_transcript_csv' is not defined","exc_notes":[],"syntax_error":null,"is_cause":false,"frames":[{"filename":"/home/airflow/.local/lib/python3.12/site-packages/airflow/models/dagbag.py","lineno":382,"name":"parse"},{"filename":"<frozen importlib._bootstrap_external>","lineno":999,"name":"exec_module"},{"filename":"<frozen importlib._bootstrap>","lineno":488,"name":"_call_with_frames_removed"},{"filename":"/opt/airflow/dags/loadStockPriceDim.py","lineno":34,"name":"<module>"}]}]}
{"timestamp":"2025-06-10T06:28:32.031911","level":"info","event":"Filling up the DagBag from /opt/airflow/dags/loadStockPriceDim.py","logger":"airflow.models.dagbag.DagBag"}
{"timestamp":"2025-06-10T06:28:40.684028","level":"info","event":"Filling up the DagBag from /opt/airflow/dags/loadStockPriceDim.py","logger":"airflow.models.dagbag.DagBag"}
{"timestamp":"2025-06-10T06:28:40.712371","level":"error","event":"Failed to import: /opt/airflow/dags/loadStockPriceDim.py","logger":"airflow.models.dagbag.DagBag","error_detail":[{"exc_type":"IndentationError","exc_value":"unexpected indent (loadStockPriceDim.py, line 15)","exc_notes":[],"syntax_error":{"offset":8,"filename":"/opt/airflow/dags/loadStockPriceDim.py","line":"        df = pd.read_csv(file_path)\n","lineno":15,"msg":"unexpected indent"},"is_cause":false,"frames":[{"filename":"/home/airflow/.local/lib/python3.12/site-packages/airflow/models/dagbag.py","lineno":382,"name":"parse"},{"filename":"<frozen importlib._bootstrap_external>","lineno":995,"name":"exec_module"},{"filename":"<frozen importlib._bootstrap_external>","lineno":1133,"name":"get_code"},{"filename":"<frozen importlib._bootstrap_external>","lineno":1063,"name":"source_to_code"},{"filename":"<frozen importlib._bootstrap>","lineno":488,"name":"_call_with_frames_removed"}]}]}
{"timestamp":"2025-06-10T06:28:41.818922","level":"info","event":"Filling up the DagBag from /opt/airflow/dags/loadStockPriceDim.py","logger":"airflow.models.dagbag.DagBag"}
{"timestamp":"2025-06-10T06:28:41.841794","level":"error","event":"Failed to import: /opt/airflow/dags/loadStockPriceDim.py","logger":"airflow.models.dagbag.DagBag","error_detail":[{"exc_type":"IndentationError","exc_value":"unexpected indent (loadStockPriceDim.py, line 16)","exc_notes":[],"syntax_error":{"offset":8,"filename":"/opt/airflow/dags/loadStockPriceDim.py","line":"        print(\"✅ Plik wczytany pomyślnie.\")\n","lineno":16,"msg":"unexpected indent"},"is_cause":false,"frames":[{"filename":"/home/airflow/.local/lib/python3.12/site-packages/airflow/models/dagbag.py","lineno":382,"name":"parse"},{"filename":"<frozen importlib._bootstrap_external>","lineno":995,"name":"exec_module"},{"filename":"<frozen importlib._bootstrap_external>","lineno":1133,"name":"get_code"},{"filename":"<frozen importlib._bootstrap_external>","lineno":1063,"name":"source_to_code"},{"filename":"<frozen importlib._bootstrap>","lineno":488,"name":"_call_with_frames_removed"}]}]}
{"timestamp":"2025-06-10T06:28:44.017871","level":"info","event":"Filling up the DagBag from /opt/airflow/dags/loadStockPriceDim.py","logger":"airflow.models.dagbag.DagBag"}
{"timestamp":"2025-06-10T06:28:44.051314","level":"error","event":"Failed to import: /opt/airflow/dags/loadStockPriceDim.py","logger":"airflow.models.dagbag.DagBag","error_detail":[{"exc_type":"IndentationError","exc_value":"unexpected indent (loadStockPriceDim.py, line 16)","exc_notes":[],"syntax_error":{"offset":8,"filename":"/opt/airflow/dags/loadStockPriceDim.py","line":"        print(df.head())\n","lineno":16,"msg":"unexpected indent"},"is_cause":false,"frames":[{"filename":"/home/airflow/.local/lib/python3.12/site-packages/airflow/models/dagbag.py","lineno":382,"name":"parse"},{"filename":"<frozen importlib._bootstrap_external>","lineno":995,"name":"exec_module"},{"filename":"<frozen importlib._bootstrap_external>","lineno":1133,"name":"get_code"},{"filename":"<frozen importlib._bootstrap_external>","lineno":1063,"name":"source_to_code"},{"filename":"<frozen importlib._bootstrap>","lineno":488,"name":"_call_with_frames_removed"}]}]}
{"timestamp":"2025-06-10T06:28:45.146116","level":"info","event":"Filling up the DagBag from /opt/airflow/dags/loadStockPriceDim.py","logger":"airflow.models.dagbag.DagBag"}
{"timestamp":"2025-06-10T06:28:45.171895","level":"error","event":"Failed to import: /opt/airflow/dags/loadStockPriceDim.py","logger":"airflow.models.dagbag.DagBag","error_detail":[{"exc_type":"SyntaxError","exc_value":"invalid syntax (loadStockPriceDim.py, line 17)","exc_notes":[],"syntax_error":{"offset":5,"filename":"/opt/airflow/dags/loadStockPriceDim.py","line":"    except FileNotFoundError:\n","lineno":17,"msg":"invalid syntax"},"is_cause":false,"frames":[{"filename":"/home/airflow/.local/lib/python3.12/site-packages/airflow/models/dagbag.py","lineno":382,"name":"parse"},{"filename":"<frozen importlib._bootstrap_external>","lineno":995,"name":"exec_module"},{"filename":"<frozen importlib._bootstrap_external>","lineno":1133,"name":"get_code"},{"filename":"<frozen importlib._bootstrap_external>","lineno":1063,"name":"source_to_code"},{"filename":"<frozen importlib._bootstrap>","lineno":488,"name":"_call_with_frames_removed"}]}]}
{"timestamp":"2025-06-10T06:28:50.322435","level":"info","event":"Filling up the DagBag from /opt/airflow/dags/loadStockPriceDim.py","logger":"airflow.models.dagbag.DagBag"}
{"timestamp":"2025-06-10T06:29:21.532439","level":"info","event":"Filling up the DagBag from /opt/airflow/dags/loadStockPriceDim.py","logger":"airflow.models.dagbag.DagBag"}
{"timestamp":"2025-06-10T06:29:52.596316","level":"info","event":"Filling up the DagBag from /opt/airflow/dags/loadStockPriceDim.py","logger":"airflow.models.dagbag.DagBag"}
{"timestamp":"2025-06-10T06:29:55.337518","level":"info","event":"Filling up the DagBag from /opt/airflow/dags/loadStockPriceDim.py","logger":"airflow.models.dagbag.DagBag"}
{"timestamp":"2025-06-10T06:29:57.103903","level":"info","event":"Filling up the DagBag from /opt/airflow/dags/loadStockPriceDim.py","logger":"airflow.models.dagbag.DagBag"}
{"timestamp":"2025-06-10T06:30:14.996760","level":"info","event":"Filling up the DagBag from /opt/airflow/dags/loadStockPriceDim.py","logger":"airflow.models.dagbag.DagBag"}
{"timestamp":"2025-06-10T06:30:15.044764","level":"error","event":"Failed to import: /opt/airflow/dags/loadStockPriceDim.py","logger":"airflow.models.dagbag.DagBag","error_detail":[{"exc_type":"IndentationError","exc_value":"unexpected indent (loadStockPriceDim.py, line 18)","exc_notes":[],"syntax_error":{"offset":8,"filename":"/opt/airflow/dags/loadStockPriceDim.py","line":"        ti = kwargs['ti']\n","lineno":18,"msg":"unexpected indent"},"is_cause":false,"frames":[{"filename":"/home/airflow/.local/lib/python3.12/site-packages/airflow/models/dagbag.py","lineno":382,"name":"parse"},{"filename":"<frozen importlib._bootstrap_external>","lineno":995,"name":"exec_module"},{"filename":"<frozen importlib._bootstrap_external>","lineno":1133,"name":"get_code"},{"filename":"<frozen importlib._bootstrap_external>","lineno":1063,"name":"source_to_code"},{"filename":"<frozen importlib._bootstrap>","lineno":488,"name":"_call_with_frames_removed"}]}]}
{"timestamp":"2025-06-10T06:30:18.143919","level":"info","event":"Filling up the DagBag from /opt/airflow/dags/loadStockPriceDim.py","logger":"airflow.models.dagbag.DagBag"}
{"timestamp":"2025-06-10T06:30:22.344427","level":"info","event":"Filling up the DagBag from /opt/airflow/dags/loadStockPriceDim.py","logger":"airflow.models.dagbag.DagBag"}
{"timestamp":"2025-06-10T06:30:26.963215","level":"info","event":"Filling up the DagBag from /opt/airflow/dags/loadStockPriceDim.py","logger":"airflow.models.dagbag.DagBag"}
{"timestamp":"2025-06-10T06:30:33.764879","level":"info","event":"Filling up the DagBag from /opt/airflow/dags/loadStockPriceDim.py","logger":"airflow.models.dagbag.DagBag"}
{"timestamp":"2025-06-10T06:30:37.558222","level":"info","event":"Filling up the DagBag from /opt/airflow/dags/loadStockPriceDim.py","logger":"airflow.models.dagbag.DagBag"}
{"timestamp":"2025-06-10T06:30:42.306485","level":"info","event":"Filling up the DagBag from /opt/airflow/dags/loadStockPriceDim.py","logger":"airflow.models.dagbag.DagBag"}
{"timestamp":"2025-06-10T06:30:48.098027","level":"info","event":"Filling up the DagBag from /opt/airflow/dags/loadStockPriceDim.py","logger":"airflow.models.dagbag.DagBag"}
{"timestamp":"2025-06-10T06:30:49.873223","level":"info","event":"Filling up the DagBag from /opt/airflow/dags/loadStockPriceDim.py","logger":"airflow.models.dagbag.DagBag"}
{"timestamp":"2025-06-10T06:30:50.603446","level":"error","event":"Failed to import: /opt/airflow/dags/loadStockPriceDim.py","logger":"airflow.models.dagbag.DagBag","error_detail":[{"exc_type":"DuplicateTaskIdFound","exc_value":"Task id 'read_stockPriceDim' has already been added to the DAG","exc_notes":[],"syntax_error":null,"is_cause":false,"frames":[{"filename":"/home/airflow/.local/lib/python3.12/site-packages/airflow/models/dagbag.py","lineno":382,"name":"parse"},{"filename":"<frozen importlib._bootstrap_external>","lineno":999,"name":"exec_module"},{"filename":"<frozen importlib._bootstrap>","lineno":488,"name":"_call_with_frames_removed"},{"filename":"/opt/airflow/dags/loadStockPriceDim.py","lineno":48,"name":"<module>"},{"filename":"/home/airflow/.local/lib/python3.12/site-packages/airflow/sdk/bases/operator.py","lineno":513,"name":"apply_defaults"},{"filename":"/home/airflow/.local/lib/python3.12/site-packages/airflow/providers/standard/operators/python.py","lineno":180,"name":"__init__"},{"filename":"/home/airflow/.local/lib/python3.12/site-packages/airflow/sdk/bases/operator.py","lineno":513,"name":"apply_defaults"},{"filename":"/home/airflow/.local/lib/python3.12/site-packages/airflow/models/baseoperator.py","lineno":293,"name":"__init__"},{"filename":"/home/airflow/.local/lib/python3.12/site-packages/airflow/sdk/bases/operator.py","lineno":513,"name":"apply_defaults"},{"filename":"/home/airflow/.local/lib/python3.12/site-packages/airflow/sdk/bases/operator.py","lineno":1030,"name":"__init__"},{"filename":"/home/airflow/.local/lib/python3.12/site-packages/airflow/sdk/definitions/taskgroup.py","lineno":245,"name":"add"}]}]}
{"timestamp":"2025-06-10T06:30:54.376591","level":"info","event":"Filling up the DagBag from /opt/airflow/dags/loadStockPriceDim.py","logger":"airflow.models.dagbag.DagBag"}
{"timestamp":"2025-06-10T06:30:54.929141","level":"error","event":"Failed to import: /opt/airflow/dags/loadStockPriceDim.py","logger":"airflow.models.dagbag.DagBag","error_detail":[{"exc_type":"DuplicateTaskIdFound","exc_value":"Task id 'read_stockPriceDim' has already been added to the DAG","exc_notes":[],"syntax_error":null,"is_cause":false,"frames":[{"filename":"/home/airflow/.local/lib/python3.12/site-packages/airflow/models/dagbag.py","lineno":382,"name":"parse"},{"filename":"<frozen importlib._bootstrap_external>","lineno":999,"name":"exec_module"},{"filename":"<frozen importlib._bootstrap>","lineno":488,"name":"_call_with_frames_removed"},{"filename":"/opt/airflow/dags/loadStockPriceDim.py","lineno":48,"name":"<module>"},{"filename":"/home/airflow/.local/lib/python3.12/site-packages/airflow/sdk/bases/operator.py","lineno":513,"name":"apply_defaults"},{"filename":"/home/airflow/.local/lib/python3.12/site-packages/airflow/providers/standard/operators/python.py","lineno":180,"name":"__init__"},{"filename":"/home/airflow/.local/lib/python3.12/site-packages/airflow/sdk/bases/operator.py","lineno":513,"name":"apply_defaults"},{"filename":"/home/airflow/.local/lib/python3.12/site-packages/airflow/models/baseoperator.py","lineno":293,"name":"__init__"},{"filename":"/home/airflow/.local/lib/python3.12/site-packages/airflow/sdk/bases/operator.py","lineno":513,"name":"apply_defaults"},{"filename":"/home/airflow/.local/lib/python3.12/site-packages/airflow/sdk/bases/operator.py","lineno":1030,"name":"__init__"},{"filename":"/home/airflow/.local/lib/python3.12/site-packages/airflow/sdk/definitions/taskgroup.py","lineno":245,"name":"add"}]}]}
{"timestamp":"2025-06-10T06:30:59.037513","level":"info","event":"Filling up the DagBag from /opt/airflow/dags/loadStockPriceDim.py","logger":"airflow.models.dagbag.DagBag"}
{"timestamp":"2025-06-10T06:31:08.729098","level":"info","event":"Filling up the DagBag from /opt/airflow/dags/loadStockPriceDim.py","logger":"airflow.models.dagbag.DagBag"}
{"timestamp":"2025-06-10T06:31:12.353537","level":"info","event":"Filling up the DagBag from /opt/airflow/dags/loadStockPriceDim.py","logger":"airflow.models.dagbag.DagBag"}
{"timestamp":"2025-06-10T06:31:32.209634","level":"info","event":"Filling up the DagBag from /opt/airflow/dags/loadStockPriceDim.py","logger":"airflow.models.dagbag.DagBag"}
{"timestamp":"2025-06-10T06:31:32.234887","level":"error","event":"Failed to import: /opt/airflow/dags/loadStockPriceDim.py","logger":"airflow.models.dagbag.DagBag","error_detail":[{"exc_type":"SyntaxError","exc_value":"invalid syntax (loadStockPriceDim.py, line 21)","exc_notes":[],"syntax_error":{"offset":77,"filename":"/opt/airflow/dags/loadStockPriceDim.py","line":"result_df = ti.xcom_pull(key='result_df', task_ids='concat_transcripts')    df = pd.read_csv(file_path)\n","lineno":21,"msg":"invalid syntax"},"is_cause":false,"frames":[{"filename":"/home/airflow/.local/lib/python3.12/site-packages/airflow/models/dagbag.py","lineno":382,"name":"parse"},{"filename":"<frozen importlib._bootstrap_external>","lineno":995,"name":"exec_module"},{"filename":"<frozen importlib._bootstrap_external>","lineno":1133,"name":"get_code"},{"filename":"<frozen importlib._bootstrap_external>","lineno":1063,"name":"source_to_code"},{"filename":"<frozen importlib._bootstrap>","lineno":488,"name":"_call_with_frames_removed"}]}]}
{"timestamp":"2025-06-10T06:31:35.334505","level":"info","event":"Filling up the DagBag from /opt/airflow/dags/loadStockPriceDim.py","logger":"airflow.models.dagbag.DagBag"}
{"timestamp":"2025-06-10T06:31:35.357592","level":"error","event":"Failed to import: /opt/airflow/dags/loadStockPriceDim.py","logger":"airflow.models.dagbag.DagBag","error_detail":[{"exc_type":"SyntaxError","exc_value":"invalid syntax (loadStockPriceDim.py, line 21)","exc_notes":[],"syntax_error":{"offset":81,"filename":"/opt/airflow/dags/loadStockPriceDim.py","line":"    result_df = ti.xcom_pull(key='result_df', task_ids='concat_transcripts')    df = pd.read_csv(file_path)\n","lineno":21,"msg":"invalid syntax"},"is_cause":false,"frames":[{"filename":"/home/airflow/.local/lib/python3.12/site-packages/airflow/models/dagbag.py","lineno":382,"name":"parse"},{"filename":"<frozen importlib._bootstrap_external>","lineno":995,"name":"exec_module"},{"filename":"<frozen importlib._bootstrap_external>","lineno":1133,"name":"get_code"},{"filename":"<frozen importlib._bootstrap_external>","lineno":1063,"name":"source_to_code"},{"filename":"<frozen importlib._bootstrap>","lineno":488,"name":"_call_with_frames_removed"}]}]}
{"timestamp":"2025-06-10T06:31:38.466301","level":"info","event":"Filling up the DagBag from /opt/airflow/dags/loadStockPriceDim.py","logger":"airflow.models.dagbag.DagBag"}
{"timestamp":"2025-06-10T06:31:38.490860","level":"error","event":"Failed to import: /opt/airflow/dags/loadStockPriceDim.py","logger":"airflow.models.dagbag.DagBag","error_detail":[{"exc_type":"SyntaxError","exc_value":"invalid syntax (loadStockPriceDim.py, line 21)","exc_notes":[],"syntax_error":{"offset":81,"filename":"/opt/airflow/dags/loadStockPriceDim.py","line":"    result_df = ti.xcom_pull(key='result_df', task_ids='concat_transcripts')    df = pd.read_csv(file_path)\n","lineno":21,"msg":"invalid syntax"},"is_cause":false,"frames":[{"filename":"/home/airflow/.local/lib/python3.12/site-packages/airflow/models/dagbag.py","lineno":382,"name":"parse"},{"filename":"<frozen importlib._bootstrap_external>","lineno":995,"name":"exec_module"},{"filename":"<frozen importlib._bootstrap_external>","lineno":1133,"name":"get_code"},{"filename":"<frozen importlib._bootstrap_external>","lineno":1063,"name":"source_to_code"},{"filename":"<frozen importlib._bootstrap>","lineno":488,"name":"_call_with_frames_removed"}]}]}
{"timestamp":"2025-06-10T06:31:44.607945","level":"info","event":"Filling up the DagBag from /opt/airflow/dags/loadStockPriceDim.py","logger":"airflow.models.dagbag.DagBag"}
{"timestamp":"2025-06-10T06:31:48.217921","level":"info","event":"Filling up the DagBag from /opt/airflow/dags/loadStockPriceDim.py","logger":"airflow.models.dagbag.DagBag"}
{"timestamp":"2025-06-10T06:31:54.881209","level":"info","event":"Filling up the DagBag from /opt/airflow/dags/loadStockPriceDim.py","logger":"airflow.models.dagbag.DagBag"}
{"timestamp":"2025-06-10T06:32:00.505769","level":"info","event":"Filling up the DagBag from /opt/airflow/dags/loadStockPriceDim.py","logger":"airflow.models.dagbag.DagBag"}
{"timestamp":"2025-06-10T06:32:13.254891","level":"info","event":"Filling up the DagBag from /opt/airflow/dags/loadStockPriceDim.py","logger":"airflow.models.dagbag.DagBag"}
{"timestamp":"2025-06-10T06:32:13.287003","level":"error","event":"Failed to import: /opt/airflow/dags/loadStockPriceDim.py","logger":"airflow.models.dagbag.DagBag","error_detail":[{"exc_type":"IndentationError","exc_value":"unexpected indent (loadStockPriceDim.py, line 22)","exc_notes":[],"syntax_error":{"offset":12,"filename":"/opt/airflow/dags/loadStockPriceDim.py","line":"            hook = PostgresHook(postgres_conn_id='sec_postgres')\n","lineno":22,"msg":"unexpected indent"},"is_cause":false,"frames":[{"filename":"/home/airflow/.local/lib/python3.12/site-packages/airflow/models/dagbag.py","lineno":382,"name":"parse"},{"filename":"<frozen importlib._bootstrap_external>","lineno":995,"name":"exec_module"},{"filename":"<frozen importlib._bootstrap_external>","lineno":1133,"name":"get_code"},{"filename":"<frozen importlib._bootstrap_external>","lineno":1063,"name":"source_to_code"},{"filename":"<frozen importlib._bootstrap>","lineno":488,"name":"_call_with_frames_removed"}]}]}
{"timestamp":"2025-06-10T06:32:17.514802","level":"info","event":"Filling up the DagBag from /opt/airflow/dags/loadStockPriceDim.py","logger":"airflow.models.dagbag.DagBag"}
{"timestamp":"2025-06-10T06:32:17.539696","level":"error","event":"Failed to import: /opt/airflow/dags/loadStockPriceDim.py","logger":"airflow.models.dagbag.DagBag","error_detail":[{"exc_type":"IndentationError","exc_value":"unexpected indent (loadStockPriceDim.py, line 23)","exc_notes":[],"syntax_error":{"offset":8,"filename":"/opt/airflow/dags/loadStockPriceDim.py","line":"        engine = hook.get_sqlalchemy_engine()\n","lineno":23,"msg":"unexpected indent"},"is_cause":false,"frames":[{"filename":"/home/airflow/.local/lib/python3.12/site-packages/airflow/models/dagbag.py","lineno":382,"name":"parse"},{"filename":"<frozen importlib._bootstrap_external>","lineno":995,"name":"exec_module"},{"filename":"<frozen importlib._bootstrap_external>","lineno":1133,"name":"get_code"},{"filename":"<frozen importlib._bootstrap_external>","lineno":1063,"name":"source_to_code"},{"filename":"<frozen importlib._bootstrap>","lineno":488,"name":"_call_with_frames_removed"}]}]}
{"timestamp":"2025-06-10T06:32:18.614493","level":"info","event":"Filling up the DagBag from /opt/airflow/dags/loadStockPriceDim.py","logger":"airflow.models.dagbag.DagBag"}
{"timestamp":"2025-06-10T06:32:18.638087","level":"error","event":"Failed to import: /opt/airflow/dags/loadStockPriceDim.py","logger":"airflow.models.dagbag.DagBag","error_detail":[{"exc_type":"IndentationError","exc_value":"unexpected indent (loadStockPriceDim.py, line 25)","exc_notes":[],"syntax_error":{"offset":8,"filename":"/opt/airflow/dags/loadStockPriceDim.py","line":"        df_final.to_sql(\n","lineno":25,"msg":"unexpected indent"},"is_cause":false,"frames":[{"filename":"/home/airflow/.local/lib/python3.12/site-packages/airflow/models/dagbag.py","lineno":382,"name":"parse"},{"filename":"<frozen importlib._bootstrap_external>","lineno":995,"name":"exec_module"},{"filename":"<frozen importlib._bootstrap_external>","lineno":1133,"name":"get_code"},{"filename":"<frozen importlib._bootstrap_external>","lineno":1063,"name":"source_to_code"},{"filename":"<frozen importlib._bootstrap>","lineno":488,"name":"_call_with_frames_removed"}]}]}
{"timestamp":"2025-06-10T06:32:22.736961","level":"info","event":"Filling up the DagBag from /opt/airflow/dags/loadStockPriceDim.py","logger":"airflow.models.dagbag.DagBag"}
{"timestamp":"2025-06-10T06:32:33.419790","level":"info","event":"Filling up the DagBag from /opt/airflow/dags/loadStockPriceDim.py","logger":"airflow.models.dagbag.DagBag"}
{"timestamp":"2025-06-10T06:32:39.036896","level":"info","event":"Filling up the DagBag from /opt/airflow/dags/loadStockPriceDim.py","logger":"airflow.models.dagbag.DagBag"}
{"timestamp":"2025-06-10T06:33:10.405046","level":"info","event":"Filling up the DagBag from /opt/airflow/dags/loadStockPriceDim.py","logger":"airflow.models.dagbag.DagBag"}
{"timestamp":"2025-06-10T06:33:35.495883","level":"info","event":"Filling up the DagBag from /opt/airflow/dags/loadStockPriceDim.py","logger":"airflow.models.dagbag.DagBag"}
{"timestamp":"2025-06-10T06:34:50.515615","level":"info","event":"Filling up the DagBag from /opt/airflow/dags/loadStockPriceDim.py","logger":"airflow.models.dagbag.DagBag"}
{"timestamp":"2025-06-10T06:35:24.961820","level":"info","event":"Filling up the DagBag from /opt/airflow/dags/loadStockPriceDim.py","logger":"airflow.models.dagbag.DagBag"}
{"timestamp":"2025-06-10T06:35:56.096143","level":"info","event":"Filling up the DagBag from /opt/airflow/dags/loadStockPriceDim.py","logger":"airflow.models.dagbag.DagBag"}
{"timestamp":"2025-06-10T06:36:27.552166","level":"info","event":"Filling up the DagBag from /opt/airflow/dags/loadStockPriceDim.py","logger":"airflow.models.dagbag.DagBag"}
{"timestamp":"2025-06-10T06:36:32.092324","level":"info","event":"Filling up the DagBag from /opt/airflow/dags/loadStockPriceDim.py","logger":"airflow.models.dagbag.DagBag"}
{"timestamp":"2025-06-10T06:37:03.029475","level":"info","event":"Filling up the DagBag from /opt/airflow/dags/loadStockPriceDim.py","logger":"airflow.models.dagbag.DagBag"}
{"timestamp":"2025-06-10T06:37:33.940948","level":"info","event":"Filling up the DagBag from /opt/airflow/dags/loadStockPriceDim.py","logger":"airflow.models.dagbag.DagBag"}
{"timestamp":"2025-06-10T06:38:05.000973","level":"info","event":"Filling up the DagBag from /opt/airflow/dags/loadStockPriceDim.py","logger":"airflow.models.dagbag.DagBag"}
{"timestamp":"2025-06-10T06:38:36.157753","level":"info","event":"Filling up the DagBag from /opt/airflow/dags/loadStockPriceDim.py","logger":"airflow.models.dagbag.DagBag"}
{"timestamp":"2025-06-10T06:39:07.307099","level":"info","event":"Filling up the DagBag from /opt/airflow/dags/loadStockPriceDim.py","logger":"airflow.models.dagbag.DagBag"}
{"timestamp":"2025-06-10T06:39:38.624962","level":"info","event":"Filling up the DagBag from /opt/airflow/dags/loadStockPriceDim.py","logger":"airflow.models.dagbag.DagBag"}
{"timestamp":"2025-06-10T06:40:09.924621","level":"info","event":"Filling up the DagBag from /opt/airflow/dags/loadStockPriceDim.py","logger":"airflow.models.dagbag.DagBag"}
{"timestamp":"2025-06-10T06:40:41.132582","level":"info","event":"Filling up the DagBag from /opt/airflow/dags/loadStockPriceDim.py","logger":"airflow.models.dagbag.DagBag"}
{"timestamp":"2025-06-10T06:41:12.170877","level":"info","event":"Filling up the DagBag from /opt/airflow/dags/loadStockPriceDim.py","logger":"airflow.models.dagbag.DagBag"}
{"timestamp":"2025-06-10T06:41:43.023421","level":"info","event":"Filling up the DagBag from /opt/airflow/dags/loadStockPriceDim.py","logger":"airflow.models.dagbag.DagBag"}
{"timestamp":"2025-06-10T06:42:14.019044","level":"info","event":"Filling up the DagBag from /opt/airflow/dags/loadStockPriceDim.py","logger":"airflow.models.dagbag.DagBag"}
{"timestamp":"2025-06-10T06:42:31.714224","level":"info","event":"Filling up the DagBag from /opt/airflow/dags/loadStockPriceDim.py","logger":"airflow.models.dagbag.DagBag"}
{"timestamp":"2025-06-10T06:42:31.737316","level":"error","event":"Failed to import: /opt/airflow/dags/loadStockPriceDim.py","logger":"airflow.models.dagbag.DagBag","error_detail":[{"exc_type":"IndentationError","exc_value":"unexpected indent (loadStockPriceDim.py, line 72)","exc_notes":[],"syntax_error":{"offset":8,"filename":"/opt/airflow/dags/loadStockPriceDim.py","line":"        read_csv_task >> load_to_db\n","lineno":72,"msg":"unexpected indent"},"is_cause":false,"frames":[{"filename":"/home/airflow/.local/lib/python3.12/site-packages/airflow/models/dagbag.py","lineno":382,"name":"parse"},{"filename":"<frozen importlib._bootstrap_external>","lineno":995,"name":"exec_module"},{"filename":"<frozen importlib._bootstrap_external>","lineno":1133,"name":"get_code"},{"filename":"<frozen importlib._bootstrap_external>","lineno":1063,"name":"source_to_code"},{"filename":"<frozen importlib._bootstrap>","lineno":488,"name":"_call_with_frames_removed"}]}]}
{"timestamp":"2025-06-10T06:42:33.825868","level":"info","event":"Filling up the DagBag from /opt/airflow/dags/loadStockPriceDim.py","logger":"airflow.models.dagbag.DagBag"}
{"timestamp":"2025-06-10T06:43:05.015412","level":"info","event":"Filling up the DagBag from /opt/airflow/dags/loadStockPriceDim.py","logger":"airflow.models.dagbag.DagBag"}
{"timestamp":"2025-06-10T06:43:35.858482","level":"info","event":"Filling up the DagBag from /opt/airflow/dags/loadStockPriceDim.py","logger":"airflow.models.dagbag.DagBag"}
{"timestamp":"2025-06-10T06:43:57.637464","level":"info","event":"Filling up the DagBag from /opt/airflow/dags/loadStockPriceDim.py","logger":"airflow.models.dagbag.DagBag"}
{"timestamp":"2025-06-10T06:44:28.756053","level":"info","event":"Filling up the DagBag from /opt/airflow/dags/loadStockPriceDim.py","logger":"airflow.models.dagbag.DagBag"}
{"timestamp":"2025-06-10T06:44:59.511929","level":"info","event":"Filling up the DagBag from /opt/airflow/dags/loadStockPriceDim.py","logger":"airflow.models.dagbag.DagBag"}
{"timestamp":"2025-06-10T06:45:30.907225","level":"info","event":"Filling up the DagBag from /opt/airflow/dags/loadStockPriceDim.py","logger":"airflow.models.dagbag.DagBag"}
{"timestamp":"2025-06-10T06:46:02.957237","level":"info","event":"Filling up the DagBag from /opt/airflow/dags/loadStockPriceDim.py","logger":"airflow.models.dagbag.DagBag"}
{"timestamp":"2025-06-10T06:46:34.295933","level":"info","event":"Filling up the DagBag from /opt/airflow/dags/loadStockPriceDim.py","logger":"airflow.models.dagbag.DagBag"}
{"timestamp":"2025-06-10T06:47:05.884803","level":"info","event":"Filling up the DagBag from /opt/airflow/dags/loadStockPriceDim.py","logger":"airflow.models.dagbag.DagBag"}
{"timestamp":"2025-06-10T06:47:37.115982","level":"info","event":"Filling up the DagBag from /opt/airflow/dags/loadStockPriceDim.py","logger":"airflow.models.dagbag.DagBag"}
{"timestamp":"2025-06-10T06:48:07.978461","level":"info","event":"Filling up the DagBag from /opt/airflow/dags/loadStockPriceDim.py","logger":"airflow.models.dagbag.DagBag"}
{"timestamp":"2025-06-10T06:48:38.866671","level":"info","event":"Filling up the DagBag from /opt/airflow/dags/loadStockPriceDim.py","logger":"airflow.models.dagbag.DagBag"}
{"timestamp":"2025-06-10T06:49:09.786930","level":"info","event":"Filling up the DagBag from /opt/airflow/dags/loadStockPriceDim.py","logger":"airflow.models.dagbag.DagBag"}
{"timestamp":"2025-06-10T06:49:40.520480","level":"info","event":"Filling up the DagBag from /opt/airflow/dags/loadStockPriceDim.py","logger":"airflow.models.dagbag.DagBag"}
{"timestamp":"2025-06-10T06:50:12.072828","level":"info","event":"Filling up the DagBag from /opt/airflow/dags/loadStockPriceDim.py","logger":"airflow.models.dagbag.DagBag"}
{"timestamp":"2025-06-10T06:50:43.227900","level":"info","event":"Filling up the DagBag from /opt/airflow/dags/loadStockPriceDim.py","logger":"airflow.models.dagbag.DagBag"}
{"timestamp":"2025-06-10T06:51:14.292907","level":"info","event":"Filling up the DagBag from /opt/airflow/dags/loadStockPriceDim.py","logger":"airflow.models.dagbag.DagBag"}
{"timestamp":"2025-06-10T06:51:45.234724","level":"info","event":"Filling up the DagBag from /opt/airflow/dags/loadStockPriceDim.py","logger":"airflow.models.dagbag.DagBag"}
{"timestamp":"2025-06-10T06:52:16.040166","level":"info","event":"Filling up the DagBag from /opt/airflow/dags/loadStockPriceDim.py","logger":"airflow.models.dagbag.DagBag"}
{"timestamp":"2025-06-10T06:52:46.955769","level":"info","event":"Filling up the DagBag from /opt/airflow/dags/loadStockPriceDim.py","logger":"airflow.models.dagbag.DagBag"}
{"timestamp":"2025-06-10T06:53:17.872238","level":"info","event":"Filling up the DagBag from /opt/airflow/dags/loadStockPriceDim.py","logger":"airflow.models.dagbag.DagBag"}
{"timestamp":"2025-06-10T06:53:48.926704","level":"info","event":"Filling up the DagBag from /opt/airflow/dags/loadStockPriceDim.py","logger":"airflow.models.dagbag.DagBag"}
{"timestamp":"2025-06-10T06:54:19.707264","level":"info","event":"Filling up the DagBag from /opt/airflow/dags/loadStockPriceDim.py","logger":"airflow.models.dagbag.DagBag"}
{"timestamp":"2025-06-10T06:54:51.212790","level":"info","event":"Filling up the DagBag from /opt/airflow/dags/loadStockPriceDim.py","logger":"airflow.models.dagbag.DagBag"}
{"timestamp":"2025-06-10T06:55:22.524126","level":"info","event":"Filling up the DagBag from /opt/airflow/dags/loadStockPriceDim.py","logger":"airflow.models.dagbag.DagBag"}
{"timestamp":"2025-06-10T06:55:53.498907","level":"info","event":"Filling up the DagBag from /opt/airflow/dags/loadStockPriceDim.py","logger":"airflow.models.dagbag.DagBag"}
{"timestamp":"2025-06-10T06:56:24.120120","level":"info","event":"Filling up the DagBag from /opt/airflow/dags/loadStockPriceDim.py","logger":"airflow.models.dagbag.DagBag"}
{"timestamp":"2025-06-10T06:56:54.700776","level":"info","event":"Filling up the DagBag from /opt/airflow/dags/loadStockPriceDim.py","logger":"airflow.models.dagbag.DagBag"}
{"timestamp":"2025-06-10T06:57:26.186219","level":"info","event":"Filling up the DagBag from /opt/airflow/dags/loadStockPriceDim.py","logger":"airflow.models.dagbag.DagBag"}
{"timestamp":"2025-06-10T06:57:56.808345","level":"info","event":"Filling up the DagBag from /opt/airflow/dags/loadStockPriceDim.py","logger":"airflow.models.dagbag.DagBag"}
{"timestamp":"2025-06-10T06:58:27.456444","level":"info","event":"Filling up the DagBag from /opt/airflow/dags/loadStockPriceDim.py","logger":"airflow.models.dagbag.DagBag"}
{"timestamp":"2025-06-10T06:58:58.021411","level":"info","event":"Filling up the DagBag from /opt/airflow/dags/loadStockPriceDim.py","logger":"airflow.models.dagbag.DagBag"}
{"timestamp":"2025-06-10T06:59:28.864734","level":"info","event":"Filling up the DagBag from /opt/airflow/dags/loadStockPriceDim.py","logger":"airflow.models.dagbag.DagBag"}
{"timestamp":"2025-06-10T07:00:00.876245","level":"info","event":"Filling up the DagBag from /opt/airflow/dags/loadStockPriceDim.py","logger":"airflow.models.dagbag.DagBag"}
{"timestamp":"2025-06-10T07:00:31.739932","level":"info","event":"Filling up the DagBag from /opt/airflow/dags/loadStockPriceDim.py","logger":"airflow.models.dagbag.DagBag"}
{"timestamp":"2025-06-10T07:01:02.374179","level":"info","event":"Filling up the DagBag from /opt/airflow/dags/loadStockPriceDim.py","logger":"airflow.models.dagbag.DagBag"}
{"timestamp":"2025-06-10T07:01:34.973598","level":"info","event":"Filling up the DagBag from /opt/airflow/dags/loadStockPriceDim.py","logger":"airflow.models.dagbag.DagBag"}
{"timestamp":"2025-06-10T07:02:06.492295","level":"info","event":"Filling up the DagBag from /opt/airflow/dags/loadStockPriceDim.py","logger":"airflow.models.dagbag.DagBag"}
{"timestamp":"2025-06-10T07:02:37.951798","level":"info","event":"Filling up the DagBag from /opt/airflow/dags/loadStockPriceDim.py","logger":"airflow.models.dagbag.DagBag"}
{"timestamp":"2025-06-10T07:03:08.525198","level":"info","event":"Filling up the DagBag from /opt/airflow/dags/loadStockPriceDim.py","logger":"airflow.models.dagbag.DagBag"}
{"timestamp":"2025-06-10T07:03:39.503748","level":"info","event":"Filling up the DagBag from /opt/airflow/dags/loadStockPriceDim.py","logger":"airflow.models.dagbag.DagBag"}
{"timestamp":"2025-06-10T07:04:10.650223","level":"info","event":"Filling up the DagBag from /opt/airflow/dags/loadStockPriceDim.py","logger":"airflow.models.dagbag.DagBag"}
{"timestamp":"2025-06-10T07:04:41.709009","level":"info","event":"Filling up the DagBag from /opt/airflow/dags/loadStockPriceDim.py","logger":"airflow.models.dagbag.DagBag"}
{"timestamp":"2025-06-10T07:05:12.844348","level":"info","event":"Filling up the DagBag from /opt/airflow/dags/loadStockPriceDim.py","logger":"airflow.models.dagbag.DagBag"}
{"timestamp":"2025-06-10T07:05:44.047109","level":"info","event":"Filling up the DagBag from /opt/airflow/dags/loadStockPriceDim.py","logger":"airflow.models.dagbag.DagBag"}
{"timestamp":"2025-06-10T07:06:15.020472","level":"info","event":"Filling up the DagBag from /opt/airflow/dags/loadStockPriceDim.py","logger":"airflow.models.dagbag.DagBag"}
{"timestamp":"2025-06-10T07:06:46.184067","level":"info","event":"Filling up the DagBag from /opt/airflow/dags/loadStockPriceDim.py","logger":"airflow.models.dagbag.DagBag"}
{"timestamp":"2025-06-10T07:07:17.561691","level":"info","event":"Filling up the DagBag from /opt/airflow/dags/loadStockPriceDim.py","logger":"airflow.models.dagbag.DagBag"}
{"timestamp":"2025-06-10T07:07:48.690588","level":"info","event":"Filling up the DagBag from /opt/airflow/dags/loadStockPriceDim.py","logger":"airflow.models.dagbag.DagBag"}
{"timestamp":"2025-06-10T07:08:19.737554","level":"info","event":"Filling up the DagBag from /opt/airflow/dags/loadStockPriceDim.py","logger":"airflow.models.dagbag.DagBag"}
{"timestamp":"2025-06-10T07:08:51.305464","level":"info","event":"Filling up the DagBag from /opt/airflow/dags/loadStockPriceDim.py","logger":"airflow.models.dagbag.DagBag"}
{"timestamp":"2025-06-10T07:09:22.830863","level":"info","event":"Filling up the DagBag from /opt/airflow/dags/loadStockPriceDim.py","logger":"airflow.models.dagbag.DagBag"}
{"timestamp":"2025-06-10T07:09:53.420019","level":"info","event":"Filling up the DagBag from /opt/airflow/dags/loadStockPriceDim.py","logger":"airflow.models.dagbag.DagBag"}
{"timestamp":"2025-06-10T07:10:24.552008","level":"info","event":"Filling up the DagBag from /opt/airflow/dags/loadStockPriceDim.py","logger":"airflow.models.dagbag.DagBag"}
{"timestamp":"2025-06-10T07:10:55.981088","level":"info","event":"Filling up the DagBag from /opt/airflow/dags/loadStockPriceDim.py","logger":"airflow.models.dagbag.DagBag"}
{"timestamp":"2025-06-10T07:11:27.101383","level":"info","event":"Filling up the DagBag from /opt/airflow/dags/loadStockPriceDim.py","logger":"airflow.models.dagbag.DagBag"}
{"timestamp":"2025-06-10T07:11:58.402389","level":"info","event":"Filling up the DagBag from /opt/airflow/dags/loadStockPriceDim.py","logger":"airflow.models.dagbag.DagBag"}
{"timestamp":"2025-06-10T07:12:29.602989","level":"info","event":"Filling up the DagBag from /opt/airflow/dags/loadStockPriceDim.py","logger":"airflow.models.dagbag.DagBag"}
{"timestamp":"2025-06-10T07:13:00.646942","level":"info","event":"Filling up the DagBag from /opt/airflow/dags/loadStockPriceDim.py","logger":"airflow.models.dagbag.DagBag"}
{"timestamp":"2025-06-10T07:13:32.051213","level":"info","event":"Filling up the DagBag from /opt/airflow/dags/loadStockPriceDim.py","logger":"airflow.models.dagbag.DagBag"}
{"timestamp":"2025-06-10T07:14:03.506357","level":"info","event":"Filling up the DagBag from /opt/airflow/dags/loadStockPriceDim.py","logger":"airflow.models.dagbag.DagBag"}
{"timestamp":"2025-06-10T07:14:34.563862","level":"info","event":"Filling up the DagBag from /opt/airflow/dags/loadStockPriceDim.py","logger":"airflow.models.dagbag.DagBag"}
{"timestamp":"2025-06-10T07:15:05.938002","level":"info","event":"Filling up the DagBag from /opt/airflow/dags/loadStockPriceDim.py","logger":"airflow.models.dagbag.DagBag"}
{"timestamp":"2025-06-10T07:15:37.282834","level":"info","event":"Filling up the DagBag from /opt/airflow/dags/loadStockPriceDim.py","logger":"airflow.models.dagbag.DagBag"}
{"timestamp":"2025-06-10T07:16:08.510169","level":"info","event":"Filling up the DagBag from /opt/airflow/dags/loadStockPriceDim.py","logger":"airflow.models.dagbag.DagBag"}
{"timestamp":"2025-06-10T07:16:39.552548","level":"info","event":"Filling up the DagBag from /opt/airflow/dags/loadStockPriceDim.py","logger":"airflow.models.dagbag.DagBag"}
{"timestamp":"2025-06-10T07:17:10.761464","level":"info","event":"Filling up the DagBag from /opt/airflow/dags/loadStockPriceDim.py","logger":"airflow.models.dagbag.DagBag"}
{"timestamp":"2025-06-10T07:17:42.013148","level":"info","event":"Filling up the DagBag from /opt/airflow/dags/loadStockPriceDim.py","logger":"airflow.models.dagbag.DagBag"}
{"timestamp":"2025-06-10T07:18:13.187034","level":"info","event":"Filling up the DagBag from /opt/airflow/dags/loadStockPriceDim.py","logger":"airflow.models.dagbag.DagBag"}
{"timestamp":"2025-06-10T07:18:44.177494","level":"info","event":"Filling up the DagBag from /opt/airflow/dags/loadStockPriceDim.py","logger":"airflow.models.dagbag.DagBag"}
{"timestamp":"2025-06-10T07:19:14.724966","level":"info","event":"Filling up the DagBag from /opt/airflow/dags/loadStockPriceDim.py","logger":"airflow.models.dagbag.DagBag"}
{"timestamp":"2025-06-10T07:19:45.617965","level":"info","event":"Filling up the DagBag from /opt/airflow/dags/loadStockPriceDim.py","logger":"airflow.models.dagbag.DagBag"}
{"timestamp":"2025-06-10T07:20:16.459123","level":"info","event":"Filling up the DagBag from /opt/airflow/dags/loadStockPriceDim.py","logger":"airflow.models.dagbag.DagBag"}
{"timestamp":"2025-06-10T07:20:48.930553","level":"info","event":"Filling up the DagBag from /opt/airflow/dags/loadStockPriceDim.py","logger":"airflow.models.dagbag.DagBag"}
{"timestamp":"2025-06-10T07:21:20.281388","level":"info","event":"Filling up the DagBag from /opt/airflow/dags/loadStockPriceDim.py","logger":"airflow.models.dagbag.DagBag"}
{"timestamp":"2025-06-10T07:21:51.654891","level":"info","event":"Filling up the DagBag from /opt/airflow/dags/loadStockPriceDim.py","logger":"airflow.models.dagbag.DagBag"}
{"timestamp":"2025-06-10T07:22:23.135556","level":"info","event":"Filling up the DagBag from /opt/airflow/dags/loadStockPriceDim.py","logger":"airflow.models.dagbag.DagBag"}
{"timestamp":"2025-06-10T07:22:54.592557","level":"info","event":"Filling up the DagBag from /opt/airflow/dags/loadStockPriceDim.py","logger":"airflow.models.dagbag.DagBag"}
{"timestamp":"2025-06-10T07:23:26.127408","level":"info","event":"Filling up the DagBag from /opt/airflow/dags/loadStockPriceDim.py","logger":"airflow.models.dagbag.DagBag"}
{"timestamp":"2025-06-10T07:23:57.601467","level":"info","event":"Filling up the DagBag from /opt/airflow/dags/loadStockPriceDim.py","logger":"airflow.models.dagbag.DagBag"}
{"timestamp":"2025-06-10T07:24:28.977473","level":"info","event":"Filling up the DagBag from /opt/airflow/dags/loadStockPriceDim.py","logger":"airflow.models.dagbag.DagBag"}
{"timestamp":"2025-06-10T07:25:00.253497","level":"info","event":"Filling up the DagBag from /opt/airflow/dags/loadStockPriceDim.py","logger":"airflow.models.dagbag.DagBag"}
{"timestamp":"2025-06-10T07:25:31.685637","level":"info","event":"Filling up the DagBag from /opt/airflow/dags/loadStockPriceDim.py","logger":"airflow.models.dagbag.DagBag"}
{"timestamp":"2025-06-10T07:26:02.991013","level":"info","event":"Filling up the DagBag from /opt/airflow/dags/loadStockPriceDim.py","logger":"airflow.models.dagbag.DagBag"}
{"timestamp":"2025-06-10T07:26:33.579845","level":"info","event":"Filling up the DagBag from /opt/airflow/dags/loadStockPriceDim.py","logger":"airflow.models.dagbag.DagBag"}
{"timestamp":"2025-06-10T07:27:04.988300","level":"info","event":"Filling up the DagBag from /opt/airflow/dags/loadStockPriceDim.py","logger":"airflow.models.dagbag.DagBag"}
