{"timestamp":"2025-06-09T17:44:59.031421","level":"info","event":"DAG bundles loaded: dags-folder","logger":"airflow.dag_processing.bundles.manager.DagBundlesManager"}
{"timestamp":"2025-06-09T17:44:59.031980","level":"info","event":"Filling up the DagBag from /opt/airflow/dags/fact_dag.py","logger":"airflow.models.dagbag.DagBag"}
{"timestamp":"2025-06-09T17:45:00.054181","level":"warning","event":"/opt/airflow/dags/stockPriceDim.py:8: FutureWarning: YF.download() has changed argument auto_adjust default to True\n  stock_data = yf.download(ticker, start=start, end=end, interval=interval)\n","logger":"py.warnings"}
{"timestamp":"2025-06-09T17:45:01.400972Z","level":"error","event":"\r[*********************100%***********************]  1 of 1 completed","chan":"stderr","logger":"task"}
{"timestamp":"2025-06-09T17:45:01.406806","level":"warning","event":"/opt/airflow/dags/stockPriceDim.py:8: FutureWarning: YF.download() has changed argument auto_adjust default to True\n  stock_data = yf.download(ticker, start=start, end=end, interval=interval)\n","logger":"py.warnings"}
{"timestamp":"2025-06-09T17:45:01.553736Z","level":"error","event":"\r[*********************100%***********************]  1 of 1 completed","chan":"stderr","logger":"task"}
{"timestamp":"2025-06-09T17:45:01.558276","level":"warning","event":"/opt/airflow/dags/stockPriceDim.py:8: FutureWarning: YF.download() has changed argument auto_adjust default to True\n  stock_data = yf.download(ticker, start=start, end=end, interval=interval)\n","logger":"py.warnings"}
{"timestamp":"2025-06-09T17:45:01.671722Z","level":"error","event":"\r[*********************100%***********************]  1 of 1 completed","chan":"stderr","logger":"task"}
{"timestamp":"2025-06-09T17:45:01.676187","level":"warning","event":"/opt/airflow/dags/stockPriceDim.py:8: FutureWarning: YF.download() has changed argument auto_adjust default to True\n  stock_data = yf.download(ticker, start=start, end=end, interval=interval)\n","logger":"py.warnings"}
{"timestamp":"2025-06-09T17:45:01.813293Z","level":"error","event":"\r[*********************100%***********************]  1 of 1 completed","chan":"stderr","logger":"task"}
{"timestamp":"2025-06-09T17:45:01.817776","level":"warning","event":"/opt/airflow/dags/stockPriceDim.py:8: FutureWarning: YF.download() has changed argument auto_adjust default to True\n  stock_data = yf.download(ticker, start=start, end=end, interval=interval)\n","logger":"py.warnings"}
{"timestamp":"2025-06-09T17:45:01.939667Z","level":"error","event":"\r[*********************100%***********************]  1 of 1 completed","chan":"stderr","logger":"task"}
{"timestamp":"2025-06-09T17:45:01.945215","level":"warning","event":"/opt/airflow/dags/stockPriceDim.py:8: FutureWarning: YF.download() has changed argument auto_adjust default to True\n  stock_data = yf.download(ticker, start=start, end=end, interval=interval)\n","logger":"py.warnings"}
{"timestamp":"2025-06-09T17:45:02.067759Z","level":"error","event":"\r[*********************100%***********************]  1 of 1 completed","chan":"stderr","logger":"task"}
{"timestamp":"2025-06-09T17:45:02.072890","level":"warning","event":"/opt/airflow/dags/stockPriceDim.py:8: FutureWarning: YF.download() has changed argument auto_adjust default to True\n  stock_data = yf.download(ticker, start=start, end=end, interval=interval)\n","logger":"py.warnings"}
{"timestamp":"2025-06-09T17:45:02.214306Z","level":"error","event":"\r[*********************100%***********************]  1 of 1 completed","chan":"stderr","logger":"task"}
{"timestamp":"2025-06-09T17:45:02.219107","level":"warning","event":"/opt/airflow/dags/stockPriceDim.py:8: FutureWarning: YF.download() has changed argument auto_adjust default to True\n  stock_data = yf.download(ticker, start=start, end=end, interval=interval)\n","logger":"py.warnings"}
{"timestamp":"2025-06-09T17:45:02.342197Z","level":"error","event":"\r[*********************100%***********************]  1 of 1 completed","chan":"stderr","logger":"task"}
{"timestamp":"2025-06-09T17:45:02.346677","level":"warning","event":"/opt/airflow/dags/stockPriceDim.py:8: FutureWarning: YF.download() has changed argument auto_adjust default to True\n  stock_data = yf.download(ticker, start=start, end=end, interval=interval)\n","logger":"py.warnings"}
{"timestamp":"2025-06-09T17:45:02.461995Z","level":"error","event":"\r[*********************100%***********************]  1 of 1 completed","chan":"stderr","logger":"task"}
{"timestamp":"2025-06-09T17:45:02.467134","level":"warning","event":"/opt/airflow/dags/stockPriceDim.py:8: FutureWarning: YF.download() has changed argument auto_adjust default to True\n  stock_data = yf.download(ticker, start=start, end=end, interval=interval)\n","logger":"py.warnings"}
{"timestamp":"2025-06-09T17:45:02.586981Z","level":"error","event":"\r[*********************100%***********************]  1 of 1 completed","chan":"stderr","logger":"task"}
{"timestamp":"2025-06-09T17:45:02.591979","level":"warning","event":"/opt/airflow/dags/stockPriceDim.py:8: FutureWarning: YF.download() has changed argument auto_adjust default to True\n  stock_data = yf.download(ticker, start=start, end=end, interval=interval)\n","logger":"py.warnings"}
{"timestamp":"2025-06-09T17:45:02.715977Z","level":"error","event":"\r[*********************100%***********************]  1 of 1 completed","chan":"stderr","logger":"task"}
{"timestamp":"2025-06-09T17:45:02.720539","level":"warning","event":"/opt/airflow/dags/stockPriceDim.py:8: FutureWarning: YF.download() has changed argument auto_adjust default to True\n  stock_data = yf.download(ticker, start=start, end=end, interval=interval)\n","logger":"py.warnings"}
{"timestamp":"2025-06-09T17:45:02.865550Z","level":"error","event":"\r[*********************100%***********************]  1 of 1 completed","chan":"stderr","logger":"task"}
{"timestamp":"2025-06-09T17:45:02.870380","level":"warning","event":"/opt/airflow/dags/stockPriceDim.py:8: FutureWarning: YF.download() has changed argument auto_adjust default to True\n  stock_data = yf.download(ticker, start=start, end=end, interval=interval)\n","logger":"py.warnings"}
{"timestamp":"2025-06-09T17:45:03.028406Z","level":"error","event":"\r[*********************100%***********************]  1 of 1 completed","chan":"stderr","logger":"task"}
{"timestamp":"2025-06-09T17:45:03.033105","level":"warning","event":"/opt/airflow/dags/stockPriceDim.py:8: FutureWarning: YF.download() has changed argument auto_adjust default to True\n  stock_data = yf.download(ticker, start=start, end=end, interval=interval)\n","logger":"py.warnings"}
{"timestamp":"2025-06-09T17:45:03.171911Z","level":"error","event":"\r[*********************100%***********************]  1 of 1 completed","chan":"stderr","logger":"task"}
{"timestamp":"2025-06-09T17:45:03.176698","level":"warning","event":"/opt/airflow/dags/stockPriceDim.py:8: FutureWarning: YF.download() has changed argument auto_adjust default to True\n  stock_data = yf.download(ticker, start=start, end=end, interval=interval)\n","logger":"py.warnings"}
{"timestamp":"2025-06-09T17:45:03.352778Z","level":"error","event":"\r[*********************100%***********************]  1 of 1 completed","chan":"stderr","logger":"task"}
{"timestamp":"2025-06-09T17:45:03.357270","level":"warning","event":"/opt/airflow/dags/stockPriceDim.py:8: FutureWarning: YF.download() has changed argument auto_adjust default to True\n  stock_data = yf.download(ticker, start=start, end=end, interval=interval)\n","logger":"py.warnings"}
{"timestamp":"2025-06-09T17:45:03.492294Z","level":"error","event":"\r[*********************100%***********************]  1 of 1 completed","chan":"stderr","logger":"task"}
{"timestamp":"2025-06-09T17:45:03.499748","level":"warning","event":"/opt/airflow/dags/stockPriceDim.py:8: FutureWarning: YF.download() has changed argument auto_adjust default to True\n  stock_data = yf.download(ticker, start=start, end=end, interval=interval)\n","logger":"py.warnings"}
{"timestamp":"2025-06-09T17:45:03.652385Z","level":"error","event":"\r[*********************100%***********************]  1 of 1 completed","chan":"stderr","logger":"task"}
{"timestamp":"2025-06-09T17:45:03.656632","level":"warning","event":"/opt/airflow/dags/stockPriceDim.py:8: FutureWarning: YF.download() has changed argument auto_adjust default to True\n  stock_data = yf.download(ticker, start=start, end=end, interval=interval)\n","logger":"py.warnings"}
{"timestamp":"2025-06-09T17:45:03.800176Z","level":"error","event":"\r[*********************100%***********************]  1 of 1 completed","chan":"stderr","logger":"task"}
{"timestamp":"2025-06-09T17:45:03.804613","level":"warning","event":"/opt/airflow/dags/stockPriceDim.py:8: FutureWarning: YF.download() has changed argument auto_adjust default to True\n  stock_data = yf.download(ticker, start=start, end=end, interval=interval)\n","logger":"py.warnings"}
{"timestamp":"2025-06-09T17:45:04.022052Z","level":"error","event":"\r[*********************100%***********************]  1 of 1 completed","chan":"stderr","logger":"task"}
{"timestamp":"2025-06-09T17:45:04.026402","level":"warning","event":"/opt/airflow/dags/stockPriceDim.py:8: FutureWarning: YF.download() has changed argument auto_adjust default to True\n  stock_data = yf.download(ticker, start=start, end=end, interval=interval)\n","logger":"py.warnings"}
{"timestamp":"2025-06-09T17:45:04.181268Z","level":"error","event":"\r[*********************100%***********************]  1 of 1 completed","chan":"stderr","logger":"task"}
{"timestamp":"2025-06-09T17:45:04.186189","level":"warning","event":"/opt/airflow/dags/stockPriceDim.py:8: FutureWarning: YF.download() has changed argument auto_adjust default to True\n  stock_data = yf.download(ticker, start=start, end=end, interval=interval)\n","logger":"py.warnings"}
{"timestamp":"2025-06-09T17:45:04.342241Z","level":"error","event":"\r[*********************100%***********************]  1 of 1 completed","chan":"stderr","logger":"task"}
{"timestamp":"2025-06-09T17:45:04.347728","level":"warning","event":"/opt/airflow/dags/stockPriceDim.py:8: FutureWarning: YF.download() has changed argument auto_adjust default to True\n  stock_data = yf.download(ticker, start=start, end=end, interval=interval)\n","logger":"py.warnings"}
{"timestamp":"2025-06-09T17:45:04.495331Z","level":"error","event":"\r[*********************100%***********************]  1 of 1 completed","chan":"stderr","logger":"task"}
{"timestamp":"2025-06-09T17:45:04.499982","level":"warning","event":"/opt/airflow/dags/stockPriceDim.py:8: FutureWarning: YF.download() has changed argument auto_adjust default to True\n  stock_data = yf.download(ticker, start=start, end=end, interval=interval)\n","logger":"py.warnings"}
{"timestamp":"2025-06-09T17:45:04.645820Z","level":"error","event":"\r[*********************100%***********************]  1 of 1 completed","chan":"stderr","logger":"task"}
{"timestamp":"2025-06-09T17:45:04.650536","level":"warning","event":"/opt/airflow/dags/stockPriceDim.py:8: FutureWarning: YF.download() has changed argument auto_adjust default to True\n  stock_data = yf.download(ticker, start=start, end=end, interval=interval)\n","logger":"py.warnings"}
{"timestamp":"2025-06-09T17:45:04.844299Z","level":"error","event":"\r[*********************100%***********************]  1 of 1 completed","chan":"stderr","logger":"task"}
{"timestamp":"2025-06-09T17:45:04.848761","level":"warning","event":"/opt/airflow/dags/stockPriceDim.py:8: FutureWarning: YF.download() has changed argument auto_adjust default to True\n  stock_data = yf.download(ticker, start=start, end=end, interval=interval)\n","logger":"py.warnings"}
{"timestamp":"2025-06-09T17:45:05.014243Z","level":"error","event":"\r[*********************100%***********************]  1 of 1 completed","chan":"stderr","logger":"task"}
{"timestamp":"2025-06-09T17:45:05.019553","level":"warning","event":"/opt/airflow/dags/stockPriceDim.py:8: FutureWarning: YF.download() has changed argument auto_adjust default to True\n  stock_data = yf.download(ticker, start=start, end=end, interval=interval)\n","logger":"py.warnings"}
{"timestamp":"2025-06-09T17:45:05.174796Z","level":"error","event":"\r[*********************100%***********************]  1 of 1 completed","chan":"stderr","logger":"task"}
{"timestamp":"2025-06-09T17:45:05.179555","level":"warning","event":"/opt/airflow/dags/stockPriceDim.py:8: FutureWarning: YF.download() has changed argument auto_adjust default to True\n  stock_data = yf.download(ticker, start=start, end=end, interval=interval)\n","logger":"py.warnings"}
{"timestamp":"2025-06-09T17:45:05.325225Z","level":"error","event":"\r[*********************100%***********************]  1 of 1 completed","chan":"stderr","logger":"task"}
{"timestamp":"2025-06-09T17:45:05.330132","level":"warning","event":"/opt/airflow/dags/stockPriceDim.py:8: FutureWarning: YF.download() has changed argument auto_adjust default to True\n  stock_data = yf.download(ticker, start=start, end=end, interval=interval)\n","logger":"py.warnings"}
{"timestamp":"2025-06-09T17:45:05.477806Z","level":"error","event":"\r[*********************100%***********************]  1 of 1 completed","chan":"stderr","logger":"task"}
{"timestamp":"2025-06-09T17:45:05.482814","level":"warning","event":"/opt/airflow/dags/stockPriceDim.py:8: FutureWarning: YF.download() has changed argument auto_adjust default to True\n  stock_data = yf.download(ticker, start=start, end=end, interval=interval)\n","logger":"py.warnings"}
{"timestamp":"2025-06-09T17:45:05.649005Z","level":"error","event":"\r[*********************100%***********************]  1 of 1 completed","chan":"stderr","logger":"task"}
{"timestamp":"2025-06-09T17:45:05.653658","level":"warning","event":"/opt/airflow/dags/stockPriceDim.py:8: FutureWarning: YF.download() has changed argument auto_adjust default to True\n  stock_data = yf.download(ticker, start=start, end=end, interval=interval)\n","logger":"py.warnings"}
{"timestamp":"2025-06-09T17:45:05.812741Z","level":"error","event":"\r[*********************100%***********************]  1 of 1 completed","chan":"stderr","logger":"task"}
{"timestamp":"2025-06-09T17:45:05.817057","level":"warning","event":"/opt/airflow/dags/stockPriceDim.py:8: FutureWarning: YF.download() has changed argument auto_adjust default to True\n  stock_data = yf.download(ticker, start=start, end=end, interval=interval)\n","logger":"py.warnings"}
{"timestamp":"2025-06-09T17:45:05.970714Z","level":"error","event":"\r[*********************100%***********************]  1 of 1 completed","chan":"stderr","logger":"task"}
{"timestamp":"2025-06-09T17:45:05.975196","level":"warning","event":"/opt/airflow/dags/stockPriceDim.py:8: FutureWarning: YF.download() has changed argument auto_adjust default to True\n  stock_data = yf.download(ticker, start=start, end=end, interval=interval)\n","logger":"py.warnings"}
{"timestamp":"2025-06-09T17:45:06.107767Z","level":"error","event":"\r[*********************100%***********************]  1 of 1 completed","chan":"stderr","logger":"task"}
{"timestamp":"2025-06-09T17:45:06.112180","level":"warning","event":"/opt/airflow/dags/stockPriceDim.py:8: FutureWarning: YF.download() has changed argument auto_adjust default to True\n  stock_data = yf.download(ticker, start=start, end=end, interval=interval)\n","logger":"py.warnings"}
{"timestamp":"2025-06-09T17:45:06.251409Z","level":"error","event":"\r[*********************100%***********************]  1 of 1 completed","chan":"stderr","logger":"task"}
{"timestamp":"2025-06-09T17:45:06.256378","level":"warning","event":"/opt/airflow/dags/stockPriceDim.py:8: FutureWarning: YF.download() has changed argument auto_adjust default to True\n  stock_data = yf.download(ticker, start=start, end=end, interval=interval)\n","logger":"py.warnings"}
{"timestamp":"2025-06-09T17:45:06.414809Z","level":"error","event":"\r[*********************100%***********************]  1 of 1 completed","chan":"stderr","logger":"task"}
{"timestamp":"2025-06-09T17:45:06.419092","level":"warning","event":"/opt/airflow/dags/stockPriceDim.py:8: FutureWarning: YF.download() has changed argument auto_adjust default to True\n  stock_data = yf.download(ticker, start=start, end=end, interval=interval)\n","logger":"py.warnings"}
{"timestamp":"2025-06-09T17:45:06.571604Z","level":"error","event":"\r[*********************100%***********************]  1 of 1 completed","chan":"stderr","logger":"task"}
{"timestamp":"2025-06-09T17:45:06.575931","level":"warning","event":"/opt/airflow/dags/stockPriceDim.py:8: FutureWarning: YF.download() has changed argument auto_adjust default to True\n  stock_data = yf.download(ticker, start=start, end=end, interval=interval)\n","logger":"py.warnings"}
{"timestamp":"2025-06-09T17:45:06.773230Z","level":"error","event":"\r[*********************100%***********************]  1 of 1 completed","chan":"stderr","logger":"task"}
{"timestamp":"2025-06-09T17:45:06.777451","level":"warning","event":"/opt/airflow/dags/stockPriceDim.py:8: FutureWarning: YF.download() has changed argument auto_adjust default to True\n  stock_data = yf.download(ticker, start=start, end=end, interval=interval)\n","logger":"py.warnings"}
{"timestamp":"2025-06-09T17:45:06.973377Z","level":"error","event":"\r[*********************100%***********************]  1 of 1 completed","chan":"stderr","logger":"task"}
{"timestamp":"2025-06-09T17:45:06.977858","level":"warning","event":"/opt/airflow/dags/stockPriceDim.py:8: FutureWarning: YF.download() has changed argument auto_adjust default to True\n  stock_data = yf.download(ticker, start=start, end=end, interval=interval)\n","logger":"py.warnings"}
{"timestamp":"2025-06-09T17:45:07.132329Z","level":"error","event":"\r[*********************100%***********************]  1 of 1 completed","chan":"stderr","logger":"task"}
{"timestamp":"2025-06-09T17:45:07.138666","level":"warning","event":"/opt/airflow/dags/stockPriceDim.py:8: FutureWarning: YF.download() has changed argument auto_adjust default to True\n  stock_data = yf.download(ticker, start=start, end=end, interval=interval)\n","logger":"py.warnings"}
{"timestamp":"2025-06-09T17:45:07.284162Z","level":"error","event":"\r[*********************100%***********************]  1 of 1 completed","chan":"stderr","logger":"task"}
{"timestamp":"2025-06-09T17:45:07.291748","level":"warning","event":"/opt/airflow/dags/stockPriceDim.py:8: FutureWarning: YF.download() has changed argument auto_adjust default to True\n  stock_data = yf.download(ticker, start=start, end=end, interval=interval)\n","logger":"py.warnings"}
{"timestamp":"2025-06-09T17:45:07.445732Z","level":"error","event":"\r[*********************100%***********************]  1 of 1 completed","chan":"stderr","logger":"task"}
{"timestamp":"2025-06-09T17:45:07.451259","level":"warning","event":"/opt/airflow/dags/stockPriceDim.py:8: FutureWarning: YF.download() has changed argument auto_adjust default to True\n  stock_data = yf.download(ticker, start=start, end=end, interval=interval)\n","logger":"py.warnings"}
{"timestamp":"2025-06-09T17:45:07.591091Z","level":"error","event":"\r[*********************100%***********************]  1 of 1 completed","chan":"stderr","logger":"task"}
{"timestamp":"2025-06-09T17:45:07.599239","level":"info","event":"Done. Returned value was: None","logger":"airflow.task.operators.airflow.providers.standard.operators.python.PythonOperator"}
