{"timestamp":"2025-06-09T17:57:49.774208","level":"info","event":"DAG bundles loaded: dags-folder","logger":"airflow.dag_processing.bundles.manager.DagBundlesManager"}
{"timestamp":"2025-06-09T17:57:49.774689","level":"info","event":"Filling up the DagBag from /opt/airflow/dags/fact_dag.py","logger":"airflow.models.dagbag.DagBag"}
{"timestamp":"2025-06-09T17:57:51.142533","level":"warning","event":"/opt/airflow/dags/stockPriceDim.py:8: FutureWarning: YF.download() has changed argument auto_adjust default to True\n  stock_data = yf.download(ticker, start=start, end=end, interval=interval)\n","logger":"py.warnings"}
{"timestamp":"2025-06-09T17:57:51.440607Z","level":"error","event":"\r[*********************100%***********************]  1 of 1 completed","chan":"stderr","logger":"task"}
{"timestamp":"2025-06-09T17:57:51.448010","level":"warning","event":"/opt/airflow/dags/stockPriceDim.py:8: FutureWarning: YF.download() has changed argument auto_adjust default to True\n  stock_data = yf.download(ticker, start=start, end=end, interval=interval)\n","logger":"py.warnings"}
{"timestamp":"2025-06-09T17:57:51.561084Z","level":"error","event":"\r[*********************100%***********************]  1 of 1 completed","chan":"stderr","logger":"task"}
{"timestamp":"2025-06-09T17:57:51.566515","level":"warning","event":"/opt/airflow/dags/stockPriceDim.py:8: FutureWarning: YF.download() has changed argument auto_adjust default to True\n  stock_data = yf.download(ticker, start=start, end=end, interval=interval)\n","logger":"py.warnings"}
{"timestamp":"2025-06-09T17:57:51.681866Z","level":"error","event":"\r[*********************100%***********************]  1 of 1 completed","chan":"stderr","logger":"task"}
{"timestamp":"2025-06-09T17:57:51.687092","level":"warning","event":"/opt/airflow/dags/stockPriceDim.py:8: FutureWarning: YF.download() has changed argument auto_adjust default to True\n  stock_data = yf.download(ticker, start=start, end=end, interval=interval)\n","logger":"py.warnings"}
{"timestamp":"2025-06-09T17:57:51.814468Z","level":"error","event":"\r[*********************100%***********************]  1 of 1 completed","chan":"stderr","logger":"task"}
{"timestamp":"2025-06-09T17:57:51.819529","level":"warning","event":"/opt/airflow/dags/stockPriceDim.py:8: FutureWarning: YF.download() has changed argument auto_adjust default to True\n  stock_data = yf.download(ticker, start=start, end=end, interval=interval)\n","logger":"py.warnings"}
{"timestamp":"2025-06-09T17:57:51.942268Z","level":"error","event":"\r[*********************100%***********************]  1 of 1 completed","chan":"stderr","logger":"task"}
{"timestamp":"2025-06-09T17:57:51.947943","level":"warning","event":"/opt/airflow/dags/stockPriceDim.py:8: FutureWarning: YF.download() has changed argument auto_adjust default to True\n  stock_data = yf.download(ticker, start=start, end=end, interval=interval)\n","logger":"py.warnings"}
{"timestamp":"2025-06-09T17:57:52.068984Z","level":"error","event":"\r[*********************100%***********************]  1 of 1 completed","chan":"stderr","logger":"task"}
{"timestamp":"2025-06-09T17:57:52.075978","level":"warning","event":"/opt/airflow/dags/stockPriceDim.py:8: FutureWarning: YF.download() has changed argument auto_adjust default to True\n  stock_data = yf.download(ticker, start=start, end=end, interval=interval)\n","logger":"py.warnings"}
{"timestamp":"2025-06-09T17:57:52.198599Z","level":"error","event":"\r[*********************100%***********************]  1 of 1 completed","chan":"stderr","logger":"task"}
{"timestamp":"2025-06-09T17:57:52.206398","level":"warning","event":"/opt/airflow/dags/stockPriceDim.py:8: FutureWarning: YF.download() has changed argument auto_adjust default to True\n  stock_data = yf.download(ticker, start=start, end=end, interval=interval)\n","logger":"py.warnings"}
{"timestamp":"2025-06-09T17:57:52.323963Z","level":"error","event":"\r[*********************100%***********************]  1 of 1 completed","chan":"stderr","logger":"task"}
{"timestamp":"2025-06-09T17:57:52.330543","level":"warning","event":"/opt/airflow/dags/stockPriceDim.py:8: FutureWarning: YF.download() has changed argument auto_adjust default to True\n  stock_data = yf.download(ticker, start=start, end=end, interval=interval)\n","logger":"py.warnings"}
{"timestamp":"2025-06-09T17:57:52.450128Z","level":"error","event":"\r[*********************100%***********************]  1 of 1 completed","chan":"stderr","logger":"task"}
{"timestamp":"2025-06-09T17:57:52.455780","level":"warning","event":"/opt/airflow/dags/stockPriceDim.py:8: FutureWarning: YF.download() has changed argument auto_adjust default to True\n  stock_data = yf.download(ticker, start=start, end=end, interval=interval)\n","logger":"py.warnings"}
{"timestamp":"2025-06-09T17:57:52.571906Z","level":"error","event":"\r[*********************100%***********************]  1 of 1 completed","chan":"stderr","logger":"task"}
{"timestamp":"2025-06-09T17:57:52.576908","level":"warning","event":"/opt/airflow/dags/stockPriceDim.py:8: FutureWarning: YF.download() has changed argument auto_adjust default to True\n  stock_data = yf.download(ticker, start=start, end=end, interval=interval)\n","logger":"py.warnings"}
{"timestamp":"2025-06-09T17:57:52.692733Z","level":"error","event":"\r[*********************100%***********************]  1 of 1 completed","chan":"stderr","logger":"task"}
{"timestamp":"2025-06-09T17:57:52.697963","level":"warning","event":"/opt/airflow/dags/stockPriceDim.py:8: FutureWarning: YF.download() has changed argument auto_adjust default to True\n  stock_data = yf.download(ticker, start=start, end=end, interval=interval)\n","logger":"py.warnings"}
{"timestamp":"2025-06-09T17:57:52.821748Z","level":"error","event":"\r[*********************100%***********************]  1 of 1 completed","chan":"stderr","logger":"task"}
{"timestamp":"2025-06-09T17:57:52.827074","level":"warning","event":"/opt/airflow/dags/stockPriceDim.py:8: FutureWarning: YF.download() has changed argument auto_adjust default to True\n  stock_data = yf.download(ticker, start=start, end=end, interval=interval)\n","logger":"py.warnings"}
{"timestamp":"2025-06-09T17:57:52.962391Z","level":"error","event":"\r[*********************100%***********************]  1 of 1 completed","chan":"stderr","logger":"task"}
{"timestamp":"2025-06-09T17:57:52.967785","level":"warning","event":"/opt/airflow/dags/stockPriceDim.py:8: FutureWarning: YF.download() has changed argument auto_adjust default to True\n  stock_data = yf.download(ticker, start=start, end=end, interval=interval)\n","logger":"py.warnings"}
{"timestamp":"2025-06-09T17:57:53.101533Z","level":"error","event":"\r[*********************100%***********************]  1 of 1 completed","chan":"stderr","logger":"task"}
{"timestamp":"2025-06-09T17:57:53.108306","level":"warning","event":"/opt/airflow/dags/stockPriceDim.py:8: FutureWarning: YF.download() has changed argument auto_adjust default to True\n  stock_data = yf.download(ticker, start=start, end=end, interval=interval)\n","logger":"py.warnings"}
{"timestamp":"2025-06-09T17:57:53.271545Z","level":"error","event":"\r[*********************100%***********************]  1 of 1 completed","chan":"stderr","logger":"task"}
{"timestamp":"2025-06-09T17:57:53.278487","level":"warning","event":"/opt/airflow/dags/stockPriceDim.py:8: FutureWarning: YF.download() has changed argument auto_adjust default to True\n  stock_data = yf.download(ticker, start=start, end=end, interval=interval)\n","logger":"py.warnings"}
{"timestamp":"2025-06-09T17:57:53.479831Z","level":"error","event":"\r[*********************100%***********************]  1 of 1 completed","chan":"stderr","logger":"task"}
{"timestamp":"2025-06-09T17:57:53.486080","level":"warning","event":"/opt/airflow/dags/stockPriceDim.py:8: FutureWarning: YF.download() has changed argument auto_adjust default to True\n  stock_data = yf.download(ticker, start=start, end=end, interval=interval)\n","logger":"py.warnings"}
{"timestamp":"2025-06-09T17:57:53.643904Z","level":"error","event":"\r[*********************100%***********************]  1 of 1 completed","chan":"stderr","logger":"task"}
{"timestamp":"2025-06-09T17:57:53.649550","level":"warning","event":"/opt/airflow/dags/stockPriceDim.py:8: FutureWarning: YF.download() has changed argument auto_adjust default to True\n  stock_data = yf.download(ticker, start=start, end=end, interval=interval)\n","logger":"py.warnings"}
{"timestamp":"2025-06-09T17:57:53.811786Z","level":"error","event":"\r[*********************100%***********************]  1 of 1 completed","chan":"stderr","logger":"task"}
{"timestamp":"2025-06-09T17:57:53.817044","level":"warning","event":"/opt/airflow/dags/stockPriceDim.py:8: FutureWarning: YF.download() has changed argument auto_adjust default to True\n  stock_data = yf.download(ticker, start=start, end=end, interval=interval)\n","logger":"py.warnings"}
{"timestamp":"2025-06-09T17:57:53.972954Z","level":"error","event":"\r[*********************100%***********************]  1 of 1 completed","chan":"stderr","logger":"task"}
{"timestamp":"2025-06-09T17:57:53.978742","level":"warning","event":"/opt/airflow/dags/stockPriceDim.py:8: FutureWarning: YF.download() has changed argument auto_adjust default to True\n  stock_data = yf.download(ticker, start=start, end=end, interval=interval)\n","logger":"py.warnings"}
{"timestamp":"2025-06-09T17:57:54.165288Z","level":"error","event":"\r[*********************100%***********************]  1 of 1 completed","chan":"stderr","logger":"task"}
{"timestamp":"2025-06-09T17:57:54.171852","level":"warning","event":"/opt/airflow/dags/stockPriceDim.py:8: FutureWarning: YF.download() has changed argument auto_adjust default to True\n  stock_data = yf.download(ticker, start=start, end=end, interval=interval)\n","logger":"py.warnings"}
{"timestamp":"2025-06-09T17:57:54.353900Z","level":"error","event":"\r[*********************100%***********************]  1 of 1 completed","chan":"stderr","logger":"task"}
{"timestamp":"2025-06-09T17:57:54.359403","level":"warning","event":"/opt/airflow/dags/stockPriceDim.py:8: FutureWarning: YF.download() has changed argument auto_adjust default to True\n  stock_data = yf.download(ticker, start=start, end=end, interval=interval)\n","logger":"py.warnings"}
{"timestamp":"2025-06-09T17:57:54.504594Z","level":"error","event":"\r[*********************100%***********************]  1 of 1 completed","chan":"stderr","logger":"task"}
{"timestamp":"2025-06-09T17:57:54.511338","level":"warning","event":"/opt/airflow/dags/stockPriceDim.py:8: FutureWarning: YF.download() has changed argument auto_adjust default to True\n  stock_data = yf.download(ticker, start=start, end=end, interval=interval)\n","logger":"py.warnings"}
{"timestamp":"2025-06-09T17:57:54.665462Z","level":"error","event":"\r[*********************100%***********************]  1 of 1 completed","chan":"stderr","logger":"task"}
{"timestamp":"2025-06-09T17:57:54.671730","level":"warning","event":"/opt/airflow/dags/stockPriceDim.py:8: FutureWarning: YF.download() has changed argument auto_adjust default to True\n  stock_data = yf.download(ticker, start=start, end=end, interval=interval)\n","logger":"py.warnings"}
{"timestamp":"2025-06-09T17:57:54.825506Z","level":"error","event":"\r[*********************100%***********************]  1 of 1 completed","chan":"stderr","logger":"task"}
{"timestamp":"2025-06-09T17:57:54.834187","level":"warning","event":"/opt/airflow/dags/stockPriceDim.py:8: FutureWarning: YF.download() has changed argument auto_adjust default to True\n  stock_data = yf.download(ticker, start=start, end=end, interval=interval)\n","logger":"py.warnings"}
{"timestamp":"2025-06-09T17:57:55.002142Z","level":"error","event":"\r[*********************100%***********************]  1 of 1 completed","chan":"stderr","logger":"task"}
{"timestamp":"2025-06-09T17:57:55.008781","level":"warning","event":"/opt/airflow/dags/stockPriceDim.py:8: FutureWarning: YF.download() has changed argument auto_adjust default to True\n  stock_data = yf.download(ticker, start=start, end=end, interval=interval)\n","logger":"py.warnings"}
{"timestamp":"2025-06-09T17:57:55.164753Z","level":"error","event":"\r[*********************100%***********************]  1 of 1 completed","chan":"stderr","logger":"task"}
{"timestamp":"2025-06-09T17:57:55.172866","level":"warning","event":"/opt/airflow/dags/stockPriceDim.py:8: FutureWarning: YF.download() has changed argument auto_adjust default to True\n  stock_data = yf.download(ticker, start=start, end=end, interval=interval)\n","logger":"py.warnings"}
{"timestamp":"2025-06-09T17:57:55.341094Z","level":"error","event":"\r[*********************100%***********************]  1 of 1 completed","chan":"stderr","logger":"task"}
{"timestamp":"2025-06-09T17:57:55.349646","level":"warning","event":"/opt/airflow/dags/stockPriceDim.py:8: FutureWarning: YF.download() has changed argument auto_adjust default to True\n  stock_data = yf.download(ticker, start=start, end=end, interval=interval)\n","logger":"py.warnings"}
{"timestamp":"2025-06-09T17:57:55.564950Z","level":"error","event":"\r[*********************100%***********************]  1 of 1 completed","chan":"stderr","logger":"task"}
{"timestamp":"2025-06-09T17:57:55.573607","level":"warning","event":"/opt/airflow/dags/stockPriceDim.py:8: FutureWarning: YF.download() has changed argument auto_adjust default to True\n  stock_data = yf.download(ticker, start=start, end=end, interval=interval)\n","logger":"py.warnings"}
{"timestamp":"2025-06-09T17:57:55.762963Z","level":"error","event":"\r[*********************100%***********************]  1 of 1 completed","chan":"stderr","logger":"task"}
{"timestamp":"2025-06-09T17:57:55.770140","level":"warning","event":"/opt/airflow/dags/stockPriceDim.py:8: FutureWarning: YF.download() has changed argument auto_adjust default to True\n  stock_data = yf.download(ticker, start=start, end=end, interval=interval)\n","logger":"py.warnings"}
{"timestamp":"2025-06-09T17:57:55.924788Z","level":"error","event":"\r[*********************100%***********************]  1 of 1 completed","chan":"stderr","logger":"task"}
{"timestamp":"2025-06-09T17:57:55.931330","level":"warning","event":"/opt/airflow/dags/stockPriceDim.py:8: FutureWarning: YF.download() has changed argument auto_adjust default to True\n  stock_data = yf.download(ticker, start=start, end=end, interval=interval)\n","logger":"py.warnings"}
{"timestamp":"2025-06-09T17:57:56.107636Z","level":"error","event":"\r[*********************100%***********************]  1 of 1 completed","chan":"stderr","logger":"task"}
{"timestamp":"2025-06-09T17:57:56.116593","level":"warning","event":"/opt/airflow/dags/stockPriceDim.py:8: FutureWarning: YF.download() has changed argument auto_adjust default to True\n  stock_data = yf.download(ticker, start=start, end=end, interval=interval)\n","logger":"py.warnings"}
{"timestamp":"2025-06-09T17:57:56.303895Z","level":"error","event":"\r[*********************100%***********************]  1 of 1 completed","chan":"stderr","logger":"task"}
{"timestamp":"2025-06-09T17:57:56.315395","level":"warning","event":"/opt/airflow/dags/stockPriceDim.py:8: FutureWarning: YF.download() has changed argument auto_adjust default to True\n  stock_data = yf.download(ticker, start=start, end=end, interval=interval)\n","logger":"py.warnings"}
{"timestamp":"2025-06-09T17:57:56.506124Z","level":"error","event":"\r[*********************100%***********************]  1 of 1 completed","chan":"stderr","logger":"task"}
{"timestamp":"2025-06-09T17:57:56.515396","level":"warning","event":"/opt/airflow/dags/stockPriceDim.py:8: FutureWarning: YF.download() has changed argument auto_adjust default to True\n  stock_data = yf.download(ticker, start=start, end=end, interval=interval)\n","logger":"py.warnings"}
{"timestamp":"2025-06-09T17:57:56.692272Z","level":"error","event":"\r[*********************100%***********************]  1 of 1 completed","chan":"stderr","logger":"task"}
{"timestamp":"2025-06-09T17:57:56.702358","level":"warning","event":"/opt/airflow/dags/stockPriceDim.py:8: FutureWarning: YF.download() has changed argument auto_adjust default to True\n  stock_data = yf.download(ticker, start=start, end=end, interval=interval)\n","logger":"py.warnings"}
{"timestamp":"2025-06-09T17:57:58.966624Z","level":"error","event":"\r[*********************100%***********************]  1 of 1 completed","chan":"stderr","logger":"task"}
{"timestamp":"2025-06-09T17:57:58.973639","level":"warning","event":"/opt/airflow/dags/stockPriceDim.py:8: FutureWarning: YF.download() has changed argument auto_adjust default to True\n  stock_data = yf.download(ticker, start=start, end=end, interval=interval)\n","logger":"py.warnings"}
{"timestamp":"2025-06-09T17:57:59.143196Z","level":"error","event":"\r[*********************100%***********************]  1 of 1 completed","chan":"stderr","logger":"task"}
{"timestamp":"2025-06-09T17:57:59.149927","level":"warning","event":"/opt/airflow/dags/stockPriceDim.py:8: FutureWarning: YF.download() has changed argument auto_adjust default to True\n  stock_data = yf.download(ticker, start=start, end=end, interval=interval)\n","logger":"py.warnings"}
{"timestamp":"2025-06-09T17:57:59.342749Z","level":"error","event":"\r[*********************100%***********************]  1 of 1 completed","chan":"stderr","logger":"task"}
{"timestamp":"2025-06-09T17:57:59.350341","level":"warning","event":"/opt/airflow/dags/stockPriceDim.py:8: FutureWarning: YF.download() has changed argument auto_adjust default to True\n  stock_data = yf.download(ticker, start=start, end=end, interval=interval)\n","logger":"py.warnings"}
{"timestamp":"2025-06-09T17:57:59.510979Z","level":"error","event":"\r[*********************100%***********************]  1 of 1 completed","chan":"stderr","logger":"task"}
{"timestamp":"2025-06-09T17:57:59.518120","level":"warning","event":"/opt/airflow/dags/stockPriceDim.py:8: FutureWarning: YF.download() has changed argument auto_adjust default to True\n  stock_data = yf.download(ticker, start=start, end=end, interval=interval)\n","logger":"py.warnings"}
{"timestamp":"2025-06-09T17:57:59.708540Z","level":"error","event":"\r[*********************100%***********************]  1 of 1 completed","chan":"stderr","logger":"task"}
{"timestamp":"2025-06-09T17:57:59.716876","level":"warning","event":"/opt/airflow/dags/stockPriceDim.py:8: FutureWarning: YF.download() has changed argument auto_adjust default to True\n  stock_data = yf.download(ticker, start=start, end=end, interval=interval)\n","logger":"py.warnings"}
{"timestamp":"2025-06-09T17:57:59.877509Z","level":"error","event":"\r[*********************100%***********************]  1 of 1 completed","chan":"stderr","logger":"task"}
{"timestamp":"2025-06-09T17:57:59.885660","level":"warning","event":"/opt/airflow/dags/stockPriceDim.py:8: FutureWarning: YF.download() has changed argument auto_adjust default to True\n  stock_data = yf.download(ticker, start=start, end=end, interval=interval)\n","logger":"py.warnings"}
{"timestamp":"2025-06-09T17:58:00.061733Z","level":"error","event":"\r[*********************100%***********************]  1 of 1 completed","chan":"stderr","logger":"task"}
{"timestamp":"2025-06-09T17:58:00.079500","level":"info","event":"Done. Returned value was: None","logger":"airflow.task.operators.airflow.providers.standard.operators.python.PythonOperator"}
