{"timestamp":"2025-06-09T17:49:54.582510","level":"info","event":"DAG bundles loaded: dags-folder","logger":"airflow.dag_processing.bundles.manager.DagBundlesManager"}
{"timestamp":"2025-06-09T17:49:54.583224","level":"info","event":"Filling up the DagBag from /opt/airflow/dags/fact_dag.py","logger":"airflow.models.dagbag.DagBag"}
{"timestamp":"2025-06-09T17:49:56.034575","level":"warning","event":"/opt/airflow/dags/stockPriceDim.py:8: FutureWarning: YF.download() has changed argument auto_adjust default to True\n  stock_data = yf.download(ticker, start=start, end=end, interval=interval)\n","logger":"py.warnings"}
{"timestamp":"2025-06-09T17:49:56.294845Z","level":"error","event":"\r[*********************100%***********************]  1 of 1 completed","chan":"stderr","logger":"task"}
{"timestamp":"2025-06-09T17:49:56.302559","level":"warning","event":"/opt/airflow/dags/stockPriceDim.py:8: FutureWarning: YF.download() has changed argument auto_adjust default to True\n  stock_data = yf.download(ticker, start=start, end=end, interval=interval)\n","logger":"py.warnings"}
{"timestamp":"2025-06-09T17:49:56.430370Z","level":"error","event":"\r[*********************100%***********************]  1 of 1 completed","chan":"stderr","logger":"task"}
{"timestamp":"2025-06-09T17:49:56.437350","level":"warning","event":"/opt/airflow/dags/stockPriceDim.py:8: FutureWarning: YF.download() has changed argument auto_adjust default to True\n  stock_data = yf.download(ticker, start=start, end=end, interval=interval)\n","logger":"py.warnings"}
{"timestamp":"2025-06-09T17:49:56.572768Z","level":"error","event":"\r[*********************100%***********************]  1 of 1 completed","chan":"stderr","logger":"task"}
{"timestamp":"2025-06-09T17:49:56.578630","level":"warning","event":"/opt/airflow/dags/stockPriceDim.py:8: FutureWarning: YF.download() has changed argument auto_adjust default to True\n  stock_data = yf.download(ticker, start=start, end=end, interval=interval)\n","logger":"py.warnings"}
{"timestamp":"2025-06-09T17:49:56.711935Z","level":"error","event":"\r[*********************100%***********************]  1 of 1 completed","chan":"stderr","logger":"task"}
{"timestamp":"2025-06-09T17:49:56.717631","level":"warning","event":"/opt/airflow/dags/stockPriceDim.py:8: FutureWarning: YF.download() has changed argument auto_adjust default to True\n  stock_data = yf.download(ticker, start=start, end=end, interval=interval)\n","logger":"py.warnings"}
{"timestamp":"2025-06-09T17:49:56.854392Z","level":"error","event":"\r[*********************100%***********************]  1 of 1 completed","chan":"stderr","logger":"task"}
{"timestamp":"2025-06-09T17:49:56.859400","level":"warning","event":"/opt/airflow/dags/stockPriceDim.py:8: FutureWarning: YF.download() has changed argument auto_adjust default to True\n  stock_data = yf.download(ticker, start=start, end=end, interval=interval)\n","logger":"py.warnings"}
{"timestamp":"2025-06-09T17:49:56.987196Z","level":"error","event":"\r[*********************100%***********************]  1 of 1 completed","chan":"stderr","logger":"task"}
{"timestamp":"2025-06-09T17:49:56.993292","level":"warning","event":"/opt/airflow/dags/stockPriceDim.py:8: FutureWarning: YF.download() has changed argument auto_adjust default to True\n  stock_data = yf.download(ticker, start=start, end=end, interval=interval)\n","logger":"py.warnings"}
{"timestamp":"2025-06-09T17:49:57.127066Z","level":"error","event":"\r[*********************100%***********************]  1 of 1 completed","chan":"stderr","logger":"task"}
{"timestamp":"2025-06-09T17:49:57.137501","level":"warning","event":"/opt/airflow/dags/stockPriceDim.py:8: FutureWarning: YF.download() has changed argument auto_adjust default to True\n  stock_data = yf.download(ticker, start=start, end=end, interval=interval)\n","logger":"py.warnings"}
{"timestamp":"2025-06-09T17:49:57.272997Z","level":"error","event":"\r[*********************100%***********************]  1 of 1 completed","chan":"stderr","logger":"task"}
{"timestamp":"2025-06-09T17:49:57.278779","level":"warning","event":"/opt/airflow/dags/stockPriceDim.py:8: FutureWarning: YF.download() has changed argument auto_adjust default to True\n  stock_data = yf.download(ticker, start=start, end=end, interval=interval)\n","logger":"py.warnings"}
{"timestamp":"2025-06-09T17:49:57.405102Z","level":"error","event":"\r[*********************100%***********************]  1 of 1 completed","chan":"stderr","logger":"task"}
{"timestamp":"2025-06-09T17:49:57.410804","level":"warning","event":"/opt/airflow/dags/stockPriceDim.py:8: FutureWarning: YF.download() has changed argument auto_adjust default to True\n  stock_data = yf.download(ticker, start=start, end=end, interval=interval)\n","logger":"py.warnings"}
{"timestamp":"2025-06-09T17:49:57.546774Z","level":"error","event":"\r[*********************100%***********************]  1 of 1 completed","chan":"stderr","logger":"task"}
{"timestamp":"2025-06-09T17:49:57.556504","level":"warning","event":"/opt/airflow/dags/stockPriceDim.py:8: FutureWarning: YF.download() has changed argument auto_adjust default to True\n  stock_data = yf.download(ticker, start=start, end=end, interval=interval)\n","logger":"py.warnings"}
{"timestamp":"2025-06-09T17:49:57.686474Z","level":"error","event":"\r[*********************100%***********************]  1 of 1 completed","chan":"stderr","logger":"task"}
{"timestamp":"2025-06-09T17:49:57.694294","level":"warning","event":"/opt/airflow/dags/stockPriceDim.py:8: FutureWarning: YF.download() has changed argument auto_adjust default to True\n  stock_data = yf.download(ticker, start=start, end=end, interval=interval)\n","logger":"py.warnings"}
{"timestamp":"2025-06-09T17:49:57.840091Z","level":"error","event":"\r[*********************100%***********************]  1 of 1 completed","chan":"stderr","logger":"task"}
{"timestamp":"2025-06-09T17:49:57.845339","level":"warning","event":"/opt/airflow/dags/stockPriceDim.py:8: FutureWarning: YF.download() has changed argument auto_adjust default to True\n  stock_data = yf.download(ticker, start=start, end=end, interval=interval)\n","logger":"py.warnings"}
{"timestamp":"2025-06-09T17:49:57.978802Z","level":"error","event":"\r[*********************100%***********************]  1 of 1 completed","chan":"stderr","logger":"task"}
{"timestamp":"2025-06-09T17:49:57.985925","level":"warning","event":"/opt/airflow/dags/stockPriceDim.py:8: FutureWarning: YF.download() has changed argument auto_adjust default to True\n  stock_data = yf.download(ticker, start=start, end=end, interval=interval)\n","logger":"py.warnings"}
{"timestamp":"2025-06-09T17:49:58.135868Z","level":"error","event":"\r[*********************100%***********************]  1 of 1 completed","chan":"stderr","logger":"task"}
{"timestamp":"2025-06-09T17:49:58.145930","level":"warning","event":"/opt/airflow/dags/stockPriceDim.py:8: FutureWarning: YF.download() has changed argument auto_adjust default to True\n  stock_data = yf.download(ticker, start=start, end=end, interval=interval)\n","logger":"py.warnings"}
{"timestamp":"2025-06-09T17:49:58.314218Z","level":"error","event":"\r[*********************100%***********************]  1 of 1 completed","chan":"stderr","logger":"task"}
{"timestamp":"2025-06-09T17:49:58.319739","level":"warning","event":"/opt/airflow/dags/stockPriceDim.py:8: FutureWarning: YF.download() has changed argument auto_adjust default to True\n  stock_data = yf.download(ticker, start=start, end=end, interval=interval)\n","logger":"py.warnings"}
{"timestamp":"2025-06-09T17:49:58.468918Z","level":"error","event":"\r[*********************100%***********************]  1 of 1 completed","chan":"stderr","logger":"task"}
{"timestamp":"2025-06-09T17:49:58.474529","level":"warning","event":"/opt/airflow/dags/stockPriceDim.py:8: FutureWarning: YF.download() has changed argument auto_adjust default to True\n  stock_data = yf.download(ticker, start=start, end=end, interval=interval)\n","logger":"py.warnings"}
{"timestamp":"2025-06-09T17:49:58.620579Z","level":"error","event":"\r[*********************100%***********************]  1 of 1 completed","chan":"stderr","logger":"task"}
{"timestamp":"2025-06-09T17:49:58.626204","level":"warning","event":"/opt/airflow/dags/stockPriceDim.py:8: FutureWarning: YF.download() has changed argument auto_adjust default to True\n  stock_data = yf.download(ticker, start=start, end=end, interval=interval)\n","logger":"py.warnings"}
{"timestamp":"2025-06-09T17:49:58.793990Z","level":"error","event":"\r[*********************100%***********************]  1 of 1 completed","chan":"stderr","logger":"task"}
{"timestamp":"2025-06-09T17:49:58.799139","level":"warning","event":"/opt/airflow/dags/stockPriceDim.py:8: FutureWarning: YF.download() has changed argument auto_adjust default to True\n  stock_data = yf.download(ticker, start=start, end=end, interval=interval)\n","logger":"py.warnings"}
{"timestamp":"2025-06-09T17:49:58.973478Z","level":"error","event":"\r[*********************100%***********************]  1 of 1 completed","chan":"stderr","logger":"task"}
{"timestamp":"2025-06-09T17:49:58.980533","level":"warning","event":"/opt/airflow/dags/stockPriceDim.py:8: FutureWarning: YF.download() has changed argument auto_adjust default to True\n  stock_data = yf.download(ticker, start=start, end=end, interval=interval)\n","logger":"py.warnings"}
{"timestamp":"2025-06-09T17:49:59.140919Z","level":"error","event":"\r[*********************100%***********************]  1 of 1 completed","chan":"stderr","logger":"task"}
{"timestamp":"2025-06-09T17:49:59.148590","level":"warning","event":"/opt/airflow/dags/stockPriceDim.py:8: FutureWarning: YF.download() has changed argument auto_adjust default to True\n  stock_data = yf.download(ticker, start=start, end=end, interval=interval)\n","logger":"py.warnings"}
{"timestamp":"2025-06-09T17:49:59.331681Z","level":"error","event":"\r[*********************100%***********************]  1 of 1 completed","chan":"stderr","logger":"task"}
{"timestamp":"2025-06-09T17:49:59.338014","level":"warning","event":"/opt/airflow/dags/stockPriceDim.py:8: FutureWarning: YF.download() has changed argument auto_adjust default to True\n  stock_data = yf.download(ticker, start=start, end=end, interval=interval)\n","logger":"py.warnings"}
{"timestamp":"2025-06-09T17:49:59.505422Z","level":"error","event":"\r[*********************100%***********************]  1 of 1 completed","chan":"stderr","logger":"task"}
{"timestamp":"2025-06-09T17:49:59.511357","level":"warning","event":"/opt/airflow/dags/stockPriceDim.py:8: FutureWarning: YF.download() has changed argument auto_adjust default to True\n  stock_data = yf.download(ticker, start=start, end=end, interval=interval)\n","logger":"py.warnings"}
{"timestamp":"2025-06-09T17:49:59.690054Z","level":"error","event":"\r[*********************100%***********************]  1 of 1 completed","chan":"stderr","logger":"task"}
{"timestamp":"2025-06-09T17:49:59.696494","level":"warning","event":"/opt/airflow/dags/stockPriceDim.py:8: FutureWarning: YF.download() has changed argument auto_adjust default to True\n  stock_data = yf.download(ticker, start=start, end=end, interval=interval)\n","logger":"py.warnings"}
{"timestamp":"2025-06-09T17:49:59.870342Z","level":"error","event":"\r[*********************100%***********************]  1 of 1 completed","chan":"stderr","logger":"task"}
{"timestamp":"2025-06-09T17:49:59.876141","level":"warning","event":"/opt/airflow/dags/stockPriceDim.py:8: FutureWarning: YF.download() has changed argument auto_adjust default to True\n  stock_data = yf.download(ticker, start=start, end=end, interval=interval)\n","logger":"py.warnings"}
{"timestamp":"2025-06-09T17:50:00.033773Z","level":"error","event":"\r[*********************100%***********************]  1 of 1 completed","chan":"stderr","logger":"task"}
{"timestamp":"2025-06-09T17:50:00.040804","level":"warning","event":"/opt/airflow/dags/stockPriceDim.py:8: FutureWarning: YF.download() has changed argument auto_adjust default to True\n  stock_data = yf.download(ticker, start=start, end=end, interval=interval)\n","logger":"py.warnings"}
{"timestamp":"2025-06-09T17:50:00.200102Z","level":"error","event":"\r[*********************100%***********************]  1 of 1 completed","chan":"stderr","logger":"task"}
{"timestamp":"2025-06-09T17:50:00.207056","level":"warning","event":"/opt/airflow/dags/stockPriceDim.py:8: FutureWarning: YF.download() has changed argument auto_adjust default to True\n  stock_data = yf.download(ticker, start=start, end=end, interval=interval)\n","logger":"py.warnings"}
{"timestamp":"2025-06-09T17:50:00.408925Z","level":"error","event":"\r[*********************100%***********************]  1 of 1 completed","chan":"stderr","logger":"task"}
{"timestamp":"2025-06-09T17:50:00.415666","level":"warning","event":"/opt/airflow/dags/stockPriceDim.py:8: FutureWarning: YF.download() has changed argument auto_adjust default to True\n  stock_data = yf.download(ticker, start=start, end=end, interval=interval)\n","logger":"py.warnings"}
{"timestamp":"2025-06-09T17:50:00.588789Z","level":"error","event":"\r[*********************100%***********************]  1 of 1 completed","chan":"stderr","logger":"task"}
{"timestamp":"2025-06-09T17:50:00.594474","level":"warning","event":"/opt/airflow/dags/stockPriceDim.py:8: FutureWarning: YF.download() has changed argument auto_adjust default to True\n  stock_data = yf.download(ticker, start=start, end=end, interval=interval)\n","logger":"py.warnings"}
{"timestamp":"2025-06-09T17:50:00.753487Z","level":"error","event":"\r[*********************100%***********************]  1 of 1 completed","chan":"stderr","logger":"task"}
{"timestamp":"2025-06-09T17:50:00.759722","level":"warning","event":"/opt/airflow/dags/stockPriceDim.py:8: FutureWarning: YF.download() has changed argument auto_adjust default to True\n  stock_data = yf.download(ticker, start=start, end=end, interval=interval)\n","logger":"py.warnings"}
{"timestamp":"2025-06-09T17:50:00.913605Z","level":"error","event":"\r[*********************100%***********************]  1 of 1 completed","chan":"stderr","logger":"task"}
{"timestamp":"2025-06-09T17:50:00.919535","level":"warning","event":"/opt/airflow/dags/stockPriceDim.py:8: FutureWarning: YF.download() has changed argument auto_adjust default to True\n  stock_data = yf.download(ticker, start=start, end=end, interval=interval)\n","logger":"py.warnings"}
{"timestamp":"2025-06-09T17:50:01.075893Z","level":"error","event":"\r[*********************100%***********************]  1 of 1 completed","chan":"stderr","logger":"task"}
{"timestamp":"2025-06-09T17:50:01.082629","level":"warning","event":"/opt/airflow/dags/stockPriceDim.py:8: FutureWarning: YF.download() has changed argument auto_adjust default to True\n  stock_data = yf.download(ticker, start=start, end=end, interval=interval)\n","logger":"py.warnings"}
{"timestamp":"2025-06-09T17:50:01.230558Z","level":"error","event":"\r[*********************100%***********************]  1 of 1 completed","chan":"stderr","logger":"task"}
{"timestamp":"2025-06-09T17:50:01.237285","level":"warning","event":"/opt/airflow/dags/stockPriceDim.py:8: FutureWarning: YF.download() has changed argument auto_adjust default to True\n  stock_data = yf.download(ticker, start=start, end=end, interval=interval)\n","logger":"py.warnings"}
{"timestamp":"2025-06-09T17:50:01.453980Z","level":"error","event":"\r[*********************100%***********************]  1 of 1 completed","chan":"stderr","logger":"task"}
{"timestamp":"2025-06-09T17:50:01.461930","level":"warning","event":"/opt/airflow/dags/stockPriceDim.py:8: FutureWarning: YF.download() has changed argument auto_adjust default to True\n  stock_data = yf.download(ticker, start=start, end=end, interval=interval)\n","logger":"py.warnings"}
{"timestamp":"2025-06-09T17:50:01.616137Z","level":"error","event":"\r[*********************100%***********************]  1 of 1 completed","chan":"stderr","logger":"task"}
{"timestamp":"2025-06-09T17:50:01.624839","level":"warning","event":"/opt/airflow/dags/stockPriceDim.py:8: FutureWarning: YF.download() has changed argument auto_adjust default to True\n  stock_data = yf.download(ticker, start=start, end=end, interval=interval)\n","logger":"py.warnings"}
{"timestamp":"2025-06-09T17:50:01.806270Z","level":"error","event":"\r[*********************100%***********************]  1 of 1 completed","chan":"stderr","logger":"task"}
{"timestamp":"2025-06-09T17:50:01.814558","level":"warning","event":"/opt/airflow/dags/stockPriceDim.py:8: FutureWarning: YF.download() has changed argument auto_adjust default to True\n  stock_data = yf.download(ticker, start=start, end=end, interval=interval)\n","logger":"py.warnings"}
{"timestamp":"2025-06-09T17:50:01.967071Z","level":"error","event":"\r[*********************100%***********************]  1 of 1 completed","chan":"stderr","logger":"task"}
{"timestamp":"2025-06-09T17:50:01.974278","level":"warning","event":"/opt/airflow/dags/stockPriceDim.py:8: FutureWarning: YF.download() has changed argument auto_adjust default to True\n  stock_data = yf.download(ticker, start=start, end=end, interval=interval)\n","logger":"py.warnings"}
{"timestamp":"2025-06-09T17:50:03.702144Z","level":"error","event":"\r[*********************100%***********************]  1 of 1 completed","chan":"stderr","logger":"task"}
{"timestamp":"2025-06-09T17:50:03.707163","level":"warning","event":"/opt/airflow/dags/stockPriceDim.py:8: FutureWarning: YF.download() has changed argument auto_adjust default to True\n  stock_data = yf.download(ticker, start=start, end=end, interval=interval)\n","logger":"py.warnings"}
{"timestamp":"2025-06-09T17:50:04.881803Z","level":"error","event":"\r[*********************100%***********************]  1 of 1 completed","chan":"stderr","logger":"task"}
{"timestamp":"2025-06-09T17:50:04.887850","level":"warning","event":"/opt/airflow/dags/stockPriceDim.py:8: FutureWarning: YF.download() has changed argument auto_adjust default to True\n  stock_data = yf.download(ticker, start=start, end=end, interval=interval)\n","logger":"py.warnings"}
{"timestamp":"2025-06-09T17:50:05.035560Z","level":"error","event":"\r[*********************100%***********************]  1 of 1 completed","chan":"stderr","logger":"task"}
{"timestamp":"2025-06-09T17:50:05.040325","level":"warning","event":"/opt/airflow/dags/stockPriceDim.py:8: FutureWarning: YF.download() has changed argument auto_adjust default to True\n  stock_data = yf.download(ticker, start=start, end=end, interval=interval)\n","logger":"py.warnings"}
{"timestamp":"2025-06-09T17:50:05.184685Z","level":"error","event":"\r[*********************100%***********************]  1 of 1 completed","chan":"stderr","logger":"task"}
{"timestamp":"2025-06-09T17:50:05.189517","level":"warning","event":"/opt/airflow/dags/stockPriceDim.py:8: FutureWarning: YF.download() has changed argument auto_adjust default to True\n  stock_data = yf.download(ticker, start=start, end=end, interval=interval)\n","logger":"py.warnings"}
{"timestamp":"2025-06-09T17:50:07.648703Z","level":"error","event":"\r[*********************100%***********************]  1 of 1 completed","chan":"stderr","logger":"task"}
{"timestamp":"2025-06-09T17:50:07.665844","level":"info","event":"Done. Returned value was: None","logger":"airflow.task.operators.airflow.providers.standard.operators.python.PythonOperator"}
