{"timestamp":"2025-06-09T17:33:14.843227","level":"info","event":"DAG bundles loaded: dags-folder","logger":"airflow.dag_processing.bundles.manager.DagBundlesManager"}
{"timestamp":"2025-06-09T17:33:14.843971","level":"info","event":"Filling up the DagBag from /opt/airflow/dags/fact_dag.py","logger":"airflow.models.dagbag.DagBag"}
{"timestamp":"2025-06-09T17:33:16.039941","level":"warning","event":"/opt/airflow/dags/stockPriceDim.py:8: FutureWarning: YF.download() has changed argument auto_adjust default to True\n  stock_data = yf.download(ticker, start=start, end=end, interval=interval)\n","logger":"py.warnings"}
{"timestamp":"2025-06-09T17:33:16.677371Z","level":"error","event":"\r[*********************100%***********************]  1 of 1 completed","chan":"stderr","logger":"task"}
{"timestamp":"2025-06-09T17:33:16.690659","level":"warning","event":"/opt/airflow/dags/stockPriceDim.py:8: FutureWarning: YF.download() has changed argument auto_adjust default to True\n  stock_data = yf.download(ticker, start=start, end=end, interval=interval)\n","logger":"py.warnings"}
{"timestamp":"2025-06-09T17:33:16.844593Z","level":"error","event":"\r[*********************100%***********************]  1 of 1 completed","chan":"stderr","logger":"task"}
{"timestamp":"2025-06-09T17:33:16.861816","level":"warning","event":"/opt/airflow/dags/stockPriceDim.py:8: FutureWarning: YF.download() has changed argument auto_adjust default to True\n  stock_data = yf.download(ticker, start=start, end=end, interval=interval)\n","logger":"py.warnings"}
{"timestamp":"2025-06-09T17:33:17.076432Z","level":"error","event":"\r[*********************100%***********************]  1 of 1 completed","chan":"stderr","logger":"task"}
{"timestamp":"2025-06-09T17:33:17.084858","level":"warning","event":"/opt/airflow/dags/stockPriceDim.py:8: FutureWarning: YF.download() has changed argument auto_adjust default to True\n  stock_data = yf.download(ticker, start=start, end=end, interval=interval)\n","logger":"py.warnings"}
{"timestamp":"2025-06-09T17:33:17.281712Z","level":"error","event":"\r[*********************100%***********************]  1 of 1 completed","chan":"stderr","logger":"task"}
{"timestamp":"2025-06-09T17:33:17.289467","level":"warning","event":"/opt/airflow/dags/stockPriceDim.py:8: FutureWarning: YF.download() has changed argument auto_adjust default to True\n  stock_data = yf.download(ticker, start=start, end=end, interval=interval)\n","logger":"py.warnings"}
{"timestamp":"2025-06-09T17:33:17.433063Z","level":"error","event":"\r[*********************100%***********************]  1 of 1 completed","chan":"stderr","logger":"task"}
{"timestamp":"2025-06-09T17:33:17.445548","level":"warning","event":"/opt/airflow/dags/stockPriceDim.py:8: FutureWarning: YF.download() has changed argument auto_adjust default to True\n  stock_data = yf.download(ticker, start=start, end=end, interval=interval)\n","logger":"py.warnings"}
{"timestamp":"2025-06-09T17:33:17.652211Z","level":"error","event":"\r[*********************100%***********************]  1 of 1 completed","chan":"stderr","logger":"task"}
{"timestamp":"2025-06-09T17:33:17.658574","level":"warning","event":"/opt/airflow/dags/stockPriceDim.py:8: FutureWarning: YF.download() has changed argument auto_adjust default to True\n  stock_data = yf.download(ticker, start=start, end=end, interval=interval)\n","logger":"py.warnings"}
{"timestamp":"2025-06-09T17:33:17.817196Z","level":"error","event":"\r[*********************100%***********************]  1 of 1 completed","chan":"stderr","logger":"task"}
{"timestamp":"2025-06-09T17:33:17.825006","level":"warning","event":"/opt/airflow/dags/stockPriceDim.py:8: FutureWarning: YF.download() has changed argument auto_adjust default to True\n  stock_data = yf.download(ticker, start=start, end=end, interval=interval)\n","logger":"py.warnings"}
{"timestamp":"2025-06-09T17:33:17.971893Z","level":"error","event":"\r[*********************100%***********************]  1 of 1 completed","chan":"stderr","logger":"task"}
{"timestamp":"2025-06-09T17:33:17.980329","level":"warning","event":"/opt/airflow/dags/stockPriceDim.py:8: FutureWarning: YF.download() has changed argument auto_adjust default to True\n  stock_data = yf.download(ticker, start=start, end=end, interval=interval)\n","logger":"py.warnings"}
{"timestamp":"2025-06-09T17:33:18.108956Z","level":"error","event":"\r[*********************100%***********************]  1 of 1 completed","chan":"stderr","logger":"task"}
{"timestamp":"2025-06-09T17:33:18.116826","level":"warning","event":"/opt/airflow/dags/stockPriceDim.py:8: FutureWarning: YF.download() has changed argument auto_adjust default to True\n  stock_data = yf.download(ticker, start=start, end=end, interval=interval)\n","logger":"py.warnings"}
{"timestamp":"2025-06-09T17:33:18.253902Z","level":"error","event":"\r[*********************100%***********************]  1 of 1 completed","chan":"stderr","logger":"task"}
{"timestamp":"2025-06-09T17:33:18.261987","level":"warning","event":"/opt/airflow/dags/stockPriceDim.py:8: FutureWarning: YF.download() has changed argument auto_adjust default to True\n  stock_data = yf.download(ticker, start=start, end=end, interval=interval)\n","logger":"py.warnings"}
{"timestamp":"2025-06-09T17:33:18.419927Z","level":"error","event":"\r[*********************100%***********************]  1 of 1 completed","chan":"stderr","logger":"task"}
{"timestamp":"2025-06-09T17:33:18.427572","level":"warning","event":"/opt/airflow/dags/stockPriceDim.py:8: FutureWarning: YF.download() has changed argument auto_adjust default to True\n  stock_data = yf.download(ticker, start=start, end=end, interval=interval)\n","logger":"py.warnings"}
{"timestamp":"2025-06-09T17:33:18.562458Z","level":"error","event":"\r[*********************100%***********************]  1 of 1 completed","chan":"stderr","logger":"task"}
{"timestamp":"2025-06-09T17:33:18.569324","level":"warning","event":"/opt/airflow/dags/stockPriceDim.py:8: FutureWarning: YF.download() has changed argument auto_adjust default to True\n  stock_data = yf.download(ticker, start=start, end=end, interval=interval)\n","logger":"py.warnings"}
{"timestamp":"2025-06-09T17:33:18.708537Z","level":"error","event":"\r[*********************100%***********************]  1 of 1 completed","chan":"stderr","logger":"task"}
{"timestamp":"2025-06-09T17:33:18.714727","level":"warning","event":"/opt/airflow/dags/stockPriceDim.py:8: FutureWarning: YF.download() has changed argument auto_adjust default to True\n  stock_data = yf.download(ticker, start=start, end=end, interval=interval)\n","logger":"py.warnings"}
{"timestamp":"2025-06-09T17:33:18.840728Z","level":"error","event":"\r[*********************100%***********************]  1 of 1 completed","chan":"stderr","logger":"task"}
{"timestamp":"2025-06-09T17:33:18.848695","level":"warning","event":"/opt/airflow/dags/stockPriceDim.py:8: FutureWarning: YF.download() has changed argument auto_adjust default to True\n  stock_data = yf.download(ticker, start=start, end=end, interval=interval)\n","logger":"py.warnings"}
{"timestamp":"2025-06-09T17:33:19.118892Z","level":"error","event":"\r[*********************100%***********************]  1 of 1 completed","chan":"stderr","logger":"task"}
{"timestamp":"2025-06-09T17:33:19.125376","level":"warning","event":"/opt/airflow/dags/stockPriceDim.py:8: FutureWarning: YF.download() has changed argument auto_adjust default to True\n  stock_data = yf.download(ticker, start=start, end=end, interval=interval)\n","logger":"py.warnings"}
{"timestamp":"2025-06-09T17:33:19.282058Z","level":"error","event":"\r[*********************100%***********************]  1 of 1 completed","chan":"stderr","logger":"task"}
{"timestamp":"2025-06-09T17:33:19.288743","level":"warning","event":"/opt/airflow/dags/stockPriceDim.py:8: FutureWarning: YF.download() has changed argument auto_adjust default to True\n  stock_data = yf.download(ticker, start=start, end=end, interval=interval)\n","logger":"py.warnings"}
{"timestamp":"2025-06-09T17:33:19.459282Z","level":"error","event":"\r[*********************100%***********************]  1 of 1 completed","chan":"stderr","logger":"task"}
{"timestamp":"2025-06-09T17:33:19.473450","level":"warning","event":"/opt/airflow/dags/stockPriceDim.py:8: FutureWarning: YF.download() has changed argument auto_adjust default to True\n  stock_data = yf.download(ticker, start=start, end=end, interval=interval)\n","logger":"py.warnings"}
{"timestamp":"2025-06-09T17:33:19.675237Z","level":"error","event":"\r[*********************100%***********************]  1 of 1 completed","chan":"stderr","logger":"task"}
{"timestamp":"2025-06-09T17:33:19.683108","level":"warning","event":"/opt/airflow/dags/stockPriceDim.py:8: FutureWarning: YF.download() has changed argument auto_adjust default to True\n  stock_data = yf.download(ticker, start=start, end=end, interval=interval)\n","logger":"py.warnings"}
{"timestamp":"2025-06-09T17:33:19.847676Z","level":"error","event":"\r[*********************100%***********************]  1 of 1 completed","chan":"stderr","logger":"task"}
{"timestamp":"2025-06-09T17:33:19.855575","level":"warning","event":"/opt/airflow/dags/stockPriceDim.py:8: FutureWarning: YF.download() has changed argument auto_adjust default to True\n  stock_data = yf.download(ticker, start=start, end=end, interval=interval)\n","logger":"py.warnings"}
{"timestamp":"2025-06-09T17:33:20.050047Z","level":"error","event":"\r[*********************100%***********************]  1 of 1 completed","chan":"stderr","logger":"task"}
{"timestamp":"2025-06-09T17:33:20.056154","level":"warning","event":"/opt/airflow/dags/stockPriceDim.py:8: FutureWarning: YF.download() has changed argument auto_adjust default to True\n  stock_data = yf.download(ticker, start=start, end=end, interval=interval)\n","logger":"py.warnings"}
{"timestamp":"2025-06-09T17:33:20.231232Z","level":"error","event":"\r[*********************100%***********************]  1 of 1 completed","chan":"stderr","logger":"task"}
{"timestamp":"2025-06-09T17:33:20.236728","level":"warning","event":"/opt/airflow/dags/stockPriceDim.py:8: FutureWarning: YF.download() has changed argument auto_adjust default to True\n  stock_data = yf.download(ticker, start=start, end=end, interval=interval)\n","logger":"py.warnings"}
{"timestamp":"2025-06-09T17:33:20.400353Z","level":"error","event":"\r[*********************100%***********************]  1 of 1 completed","chan":"stderr","logger":"task"}
{"timestamp":"2025-06-09T17:33:20.406934","level":"warning","event":"/opt/airflow/dags/stockPriceDim.py:8: FutureWarning: YF.download() has changed argument auto_adjust default to True\n  stock_data = yf.download(ticker, start=start, end=end, interval=interval)\n","logger":"py.warnings"}
{"timestamp":"2025-06-09T17:33:20.594803Z","level":"error","event":"\r[*********************100%***********************]  1 of 1 completed","chan":"stderr","logger":"task"}
{"timestamp":"2025-06-09T17:33:20.600783","level":"warning","event":"/opt/airflow/dags/stockPriceDim.py:8: FutureWarning: YF.download() has changed argument auto_adjust default to True\n  stock_data = yf.download(ticker, start=start, end=end, interval=interval)\n","logger":"py.warnings"}
{"timestamp":"2025-06-09T17:33:20.778273Z","level":"error","event":"\r[*********************100%***********************]  1 of 1 completed","chan":"stderr","logger":"task"}
{"timestamp":"2025-06-09T17:33:20.783830","level":"warning","event":"/opt/airflow/dags/stockPriceDim.py:8: FutureWarning: YF.download() has changed argument auto_adjust default to True\n  stock_data = yf.download(ticker, start=start, end=end, interval=interval)\n","logger":"py.warnings"}
{"timestamp":"2025-06-09T17:33:20.961800Z","level":"error","event":"\r[*********************100%***********************]  1 of 1 completed","chan":"stderr","logger":"task"}
{"timestamp":"2025-06-09T17:33:20.967930","level":"warning","event":"/opt/airflow/dags/stockPriceDim.py:8: FutureWarning: YF.download() has changed argument auto_adjust default to True\n  stock_data = yf.download(ticker, start=start, end=end, interval=interval)\n","logger":"py.warnings"}
{"timestamp":"2025-06-09T17:33:21.127251Z","level":"error","event":"\r[*********************100%***********************]  1 of 1 completed","chan":"stderr","logger":"task"}
{"timestamp":"2025-06-09T17:33:21.134415","level":"warning","event":"/opt/airflow/dags/stockPriceDim.py:8: FutureWarning: YF.download() has changed argument auto_adjust default to True\n  stock_data = yf.download(ticker, start=start, end=end, interval=interval)\n","logger":"py.warnings"}
{"timestamp":"2025-06-09T17:33:21.288570Z","level":"error","event":"\r[*********************100%***********************]  1 of 1 completed","chan":"stderr","logger":"task"}
{"timestamp":"2025-06-09T17:33:21.293975","level":"warning","event":"/opt/airflow/dags/stockPriceDim.py:8: FutureWarning: YF.download() has changed argument auto_adjust default to True\n  stock_data = yf.download(ticker, start=start, end=end, interval=interval)\n","logger":"py.warnings"}
{"timestamp":"2025-06-09T17:33:21.444647Z","level":"error","event":"\r[*********************100%***********************]  1 of 1 completed","chan":"stderr","logger":"task"}
{"timestamp":"2025-06-09T17:33:21.451870","level":"warning","event":"/opt/airflow/dags/stockPriceDim.py:8: FutureWarning: YF.download() has changed argument auto_adjust default to True\n  stock_data = yf.download(ticker, start=start, end=end, interval=interval)\n","logger":"py.warnings"}
{"timestamp":"2025-06-09T17:33:21.604682Z","level":"error","event":"\r[*********************100%***********************]  1 of 1 completed","chan":"stderr","logger":"task"}
{"timestamp":"2025-06-09T17:33:21.610820","level":"warning","event":"/opt/airflow/dags/stockPriceDim.py:8: FutureWarning: YF.download() has changed argument auto_adjust default to True\n  stock_data = yf.download(ticker, start=start, end=end, interval=interval)\n","logger":"py.warnings"}
{"timestamp":"2025-06-09T17:33:21.762887Z","level":"error","event":"\r[*********************100%***********************]  1 of 1 completed","chan":"stderr","logger":"task"}
{"timestamp":"2025-06-09T17:33:21.768588","level":"warning","event":"/opt/airflow/dags/stockPriceDim.py:8: FutureWarning: YF.download() has changed argument auto_adjust default to True\n  stock_data = yf.download(ticker, start=start, end=end, interval=interval)\n","logger":"py.warnings"}
{"timestamp":"2025-06-09T17:33:21.997388Z","level":"error","event":"\r[*********************100%***********************]  1 of 1 completed","chan":"stderr","logger":"task"}
{"timestamp":"2025-06-09T17:33:22.003023","level":"warning","event":"/opt/airflow/dags/stockPriceDim.py:8: FutureWarning: YF.download() has changed argument auto_adjust default to True\n  stock_data = yf.download(ticker, start=start, end=end, interval=interval)\n","logger":"py.warnings"}
{"timestamp":"2025-06-09T17:33:22.160460Z","level":"error","event":"\r[*********************100%***********************]  1 of 1 completed","chan":"stderr","logger":"task"}
{"timestamp":"2025-06-09T17:33:22.165741","level":"warning","event":"/opt/airflow/dags/stockPriceDim.py:8: FutureWarning: YF.download() has changed argument auto_adjust default to True\n  stock_data = yf.download(ticker, start=start, end=end, interval=interval)\n","logger":"py.warnings"}
{"timestamp":"2025-06-09T17:33:22.312315Z","level":"error","event":"\r[*********************100%***********************]  1 of 1 completed","chan":"stderr","logger":"task"}
{"timestamp":"2025-06-09T17:33:22.317442","level":"warning","event":"/opt/airflow/dags/stockPriceDim.py:8: FutureWarning: YF.download() has changed argument auto_adjust default to True\n  stock_data = yf.download(ticker, start=start, end=end, interval=interval)\n","logger":"py.warnings"}
{"timestamp":"2025-06-09T17:33:22.473402Z","level":"error","event":"\r[*********************100%***********************]  1 of 1 completed","chan":"stderr","logger":"task"}
{"timestamp":"2025-06-09T17:33:22.479579","level":"warning","event":"/opt/airflow/dags/stockPriceDim.py:8: FutureWarning: YF.download() has changed argument auto_adjust default to True\n  stock_data = yf.download(ticker, start=start, end=end, interval=interval)\n","logger":"py.warnings"}
{"timestamp":"2025-06-09T17:33:22.643785Z","level":"error","event":"\r[*********************100%***********************]  1 of 1 completed","chan":"stderr","logger":"task"}
{"timestamp":"2025-06-09T17:33:22.649306","level":"warning","event":"/opt/airflow/dags/stockPriceDim.py:8: FutureWarning: YF.download() has changed argument auto_adjust default to True\n  stock_data = yf.download(ticker, start=start, end=end, interval=interval)\n","logger":"py.warnings"}
{"timestamp":"2025-06-09T17:33:22.883617Z","level":"error","event":"\r[*********************100%***********************]  1 of 1 completed","chan":"stderr","logger":"task"}
{"timestamp":"2025-06-09T17:33:22.889689","level":"warning","event":"/opt/airflow/dags/stockPriceDim.py:8: FutureWarning: YF.download() has changed argument auto_adjust default to True\n  stock_data = yf.download(ticker, start=start, end=end, interval=interval)\n","logger":"py.warnings"}
{"timestamp":"2025-06-09T17:33:23.048188Z","level":"error","event":"\r[*********************100%***********************]  1 of 1 completed","chan":"stderr","logger":"task"}
{"timestamp":"2025-06-09T17:33:23.054178","level":"warning","event":"/opt/airflow/dags/stockPriceDim.py:8: FutureWarning: YF.download() has changed argument auto_adjust default to True\n  stock_data = yf.download(ticker, start=start, end=end, interval=interval)\n","logger":"py.warnings"}
{"timestamp":"2025-06-09T17:33:23.211677Z","level":"error","event":"\r[*********************100%***********************]  1 of 1 completed","chan":"stderr","logger":"task"}
{"timestamp":"2025-06-09T17:33:23.217196","level":"warning","event":"/opt/airflow/dags/stockPriceDim.py:8: FutureWarning: YF.download() has changed argument auto_adjust default to True\n  stock_data = yf.download(ticker, start=start, end=end, interval=interval)\n","logger":"py.warnings"}
{"timestamp":"2025-06-09T17:33:23.387498Z","level":"error","event":"\r[*********************100%***********************]  1 of 1 completed","chan":"stderr","logger":"task"}
{"timestamp":"2025-06-09T17:33:23.393890","level":"warning","event":"/opt/airflow/dags/stockPriceDim.py:8: FutureWarning: YF.download() has changed argument auto_adjust default to True\n  stock_data = yf.download(ticker, start=start, end=end, interval=interval)\n","logger":"py.warnings"}
{"timestamp":"2025-06-09T17:33:23.541111Z","level":"error","event":"\r[*********************100%***********************]  1 of 1 completed","chan":"stderr","logger":"task"}
{"timestamp":"2025-06-09T17:33:23.547525","level":"warning","event":"/opt/airflow/dags/stockPriceDim.py:8: FutureWarning: YF.download() has changed argument auto_adjust default to True\n  stock_data = yf.download(ticker, start=start, end=end, interval=interval)\n","logger":"py.warnings"}
{"timestamp":"2025-06-09T17:33:23.691451Z","level":"error","event":"\r[*********************100%***********************]  1 of 1 completed","chan":"stderr","logger":"task"}
{"timestamp":"2025-06-09T17:33:23.701615","level":"info","event":"Done. Returned value was: None","logger":"airflow.task.operators.airflow.providers.standard.operators.python.PythonOperator"}
